[ 2018-08-01T09:22:11+08:00 ] 127.0.0.1 /admin.php
INFO: [ app_init ] --START--
INFO: Run Behavior\BuildLiteBehavior [ RunTime:0.001000s ]
INFO: [ app_init ] --END-- [ RunTime:0.014001s ]
INFO: [ app_begin ] --START--
INFO: Run Behavior\ReadHtmlCacheBehavior [ RunTime:0.009001s ]
INFO: [ app_begin ] --END-- [ RunTime:0.011001s ]

[ 2018-08-01T09:22:11+08:00 ] 127.0.0.1 /admin.php?m=Admin&c=Login&a=index
INFO: [ app_init ] --START--
INFO: Run Behavior\BuildLiteBehavior [ RunTime:0.000000s ]
INFO: [ app_init ] --END-- [ RunTime:0.001000s ]
INFO: [ app_begin ] --START--
INFO: Run Behavior\ReadHtmlCacheBehavior [ RunTime:0.001001s ]
INFO: [ app_begin ] --END-- [ RunTime:0.001001s ]
INFO: [ view_parse ] --START--
INFO: [ template_filter ] --START--
INFO: Run Behavior\ContentReplaceBehavior [ RunTime:0.000000s ]
INFO: [ template_filter ] --END-- [ RunTime:0.001000s ]
INFO: Run Behavior\ParseTemplateBehavior [ RunTime:0.023001s ]
INFO: [ view_parse ] --END-- [ RunTime:0.023001s ]
INFO: [ view_filter ] --START--
INFO: Run Behavior\WriteHtmlCacheBehavior [ RunTime:0.001000s ]
INFO: [ view_filter ] --END-- [ RunTime:0.001000s ]
INFO: [ app_end ] --START--
INFO: Run Behavior\ShowPageTraceBehavior [ RunTime:0.002000s ]
INFO: [ app_end ] --END-- [ RunTime:0.002000s ]

[ 2018-08-01T09:22:14+08:00 ] 127.0.0.1 /admin.php?m=Admin&c=Login&a=index
INFO: [ app_init ] --START--
INFO: Run Behavior\BuildLiteBehavior [ RunTime:0.000000s ]
INFO: [ app_init ] --END-- [ RunTime:0.000000s ]
INFO: [ app_begin ] --START--
INFO: Run Behavior\ReadHtmlCacheBehavior [ RunTime:0.002001s ]
INFO: [ app_begin ] --END-- [ RunTime:0.002001s ]
SQL: SHOW COLUMNS FROM `x_admin` [ RunTime:0.0250s ]
SQL: SELECT * FROM `x_admin` WHERE `name` = 'admin' LIMIT 1   [ RunTime:0.0010s ]
SQL: UPDATE `x_admin` SET `last_login_ip`='127.0.0.1',`last_login_time`='1533086534' WHERE `name` = 'admin' [ RunTime:0.0010s ]
INFO: [ view_parse ] --START--
INFO: [ template_filter ] --START--
INFO: Run Behavior\ContentReplaceBehavior [ RunTime:0.000000s ]
INFO: [ template_filter ] --END-- [ RunTime:0.000000s ]
INFO: Run Behavior\ParseTemplateBehavior [ RunTime:0.038002s ]
INFO: [ view_parse ] --END-- [ RunTime:0.039002s ]
INFO: [ view_filter ] --START--
INFO: Run Behavior\WriteHtmlCacheBehavior [ RunTime:0.002000s ]
INFO: [ view_filter ] --END-- [ RunTime:0.002000s ]
INFO: [ app_end ] --START--
INFO: Run Behavior\ShowPageTraceBehavior [ RunTime:0.003000s ]
INFO: [ app_end ] --END-- [ RunTime:0.003000s ]

[ 2018-08-01T09:22:16+08:00 ] 127.0.0.1 /admin.php?m=Admin&c=Index&a=index
INFO: [ app_init ] --START--
INFO: Run Behavior\BuildLiteBehavior [ RunTime:0.000000s ]
INFO: [ app_init ] --END-- [ RunTime:0.001000s ]
INFO: [ app_begin ] --START--
INFO: Run Behavior\ReadHtmlCacheBehavior [ RunTime:0.001000s ]
INFO: [ app_begin ] --END-- [ RunTime:0.002000s ]
SQL: SHOW COLUMNS FROM `x_admin` [ RunTime:0.0010s ]
SQL: SELECT * FROM `x_admin` WHERE `id` = 1 LIMIT 1   [ RunTime:0.0000s ]
SQL: SHOW COLUMNS FROM `x_auth_group` [ RunTime:0.0590s ]
SQL: SELECT * FROM `x_auth_group` WHERE `id` = 0 LIMIT 1   [ RunTime:0.0000s ]
NOTIC: [8] Indirect modification of overloaded property Admin\Controller\IndexController::$admin has no effect E:\wamp\www\xiaohuanxiong\Application\Admin\Controller\AdminController.class.php 第 19 行.
INFO: [ view_parse ] --START--
INFO: [ template_filter ] --START--
INFO: Run Behavior\ContentReplaceBehavior [ RunTime:0.001001s ]
INFO: [ template_filter ] --END-- [ RunTime:0.001001s ]
SQL: SHOW COLUMNS FROM `x_auth_group_access` [ RunTime:0.0050s ]
SQL: SELECT `uid`,`group_id`,`title`,`rules` FROM x_auth_group_access a INNER JOIN x_auth_group g on a.group_id=g.id  WHERE ( a.uid='1' and g.status='1' )  [ RunTime:0.0280s ]
SQL: SHOW COLUMNS FROM `x_auth_rule` [ RunTime:0.0110s ]
SQL: SELECT `condition`,`name` FROM `x_auth_rule` WHERE `id` IN ('2','3','4','5','6','7','8','9','1','13','10','11','12','14','15','16','17','18','19','42','20','21','22','23','24','25','26','27','28','29','30','31','32','33','34','35','36','37','38','39','40','41') AND `type` = 1 AND `status` = 1  [ RunTime:0.0010s ]
NOTIC: [8] Undefined variable: token E:\wamp\www\xiaohuanxiong\Application\Runtime\Cache\Admin\222175dcb33b4771668f24c7f484ba64.php 第 337 行.
NOTIC: [8] Undefined variable: token E:\wamp\www\xiaohuanxiong\Application\Runtime\Cache\Admin\222175dcb33b4771668f24c7f484ba64.php 第 340 行.
INFO: Run Behavior\ParseTemplateBehavior [ RunTime:0.166009s ]
INFO: [ view_parse ] --END-- [ RunTime:0.166009s ]
INFO: [ view_filter ] --START--
INFO: Run Behavior\WriteHtmlCacheBehavior [ RunTime:0.001000s ]
INFO: [ view_filter ] --END-- [ RunTime:0.002000s ]
INFO: [ app_end ] --START--
INFO: Run Behavior\ShowPageTraceBehavior [ RunTime:0.002000s ]
INFO: [ app_end ] --END-- [ RunTime:0.002000s ]

[ 2018-08-01T09:22:19+08:00 ] 127.0.0.1 /admin.php?m=Admin&c=Goods&a=index
INFO: [ app_init ] --START--
INFO: Run Behavior\BuildLiteBehavior [ RunTime:0.000000s ]
INFO: [ app_init ] --END-- [ RunTime:0.000000s ]
INFO: [ app_begin ] --START--
INFO: Run Behavior\ReadHtmlCacheBehavior [ RunTime:0.000000s ]
INFO: [ app_begin ] --END-- [ RunTime:0.001000s ]
SQL: SHOW COLUMNS FROM `x_admin` [ RunTime:0.0010s ]
SQL: SELECT * FROM `x_admin` WHERE `id` = 1 LIMIT 1   [ RunTime:0.0000s ]
SQL: SHOW COLUMNS FROM `x_auth_group` [ RunTime:0.0010s ]
SQL: SELECT * FROM `x_auth_group` WHERE `id` = 0 LIMIT 1   [ RunTime:0.0000s ]
NOTIC: [8] Indirect modification of overloaded property Admin\Controller\GoodsController::$admin has no effect E:\wamp\www\xiaohuanxiong\Application\Admin\Controller\AdminController.class.php 第 19 行.
SQL: SHOW COLUMNS FROM `x_goods` [ RunTime:0.0580s ]
NOTIC: [8] Undefined variable: where E:\wamp\www\xiaohuanxiong\Application\Admin\Controller\GoodsController.class.php 第 13 行.
SQL: SELECT COUNT(*) AS tp_count FROM `x_goods` LIMIT 1   [ RunTime:0.0010s ]
NOTIC: [8] Undefined variable: where E:\wamp\www\xiaohuanxiong\Application\Admin\Controller\GoodsController.class.php 第 18 行.
SQL: SELECT `g_id`,`g_name`,`g_img`,`g_sale_num`,`g_strawberry`,`g_peach` FROM `x_goods` ORDER BY g_id desc LIMIT 0,20   [ RunTime:0.0000s ]
NOTIC: [8] Undefined variable: where E:\wamp\www\xiaohuanxiong\Application\Admin\Controller\GoodsController.class.php 第 21 行.
INFO: [ view_parse ] --START--
INFO: [ template_filter ] --START--
INFO: Run Behavior\ContentReplaceBehavior [ RunTime:0.000000s ]
INFO: [ template_filter ] --END-- [ RunTime:0.001000s ]
SQL: SHOW COLUMNS FROM `x_auth_group_access` [ RunTime:0.0030s ]
SQL: SELECT `uid`,`group_id`,`title`,`rules` FROM x_auth_group_access a INNER JOIN x_auth_group g on a.group_id=g.id  WHERE ( a.uid='1' and g.status='1' )  [ RunTime:0.0010s ]
SQL: SHOW COLUMNS FROM `x_auth_rule` [ RunTime:0.0010s ]
SQL: SELECT `condition`,`name` FROM `x_auth_rule` WHERE `id` IN ('2','3','4','5','6','7','8','9','1','13','10','11','12','14','15','16','17','18','19','42','20','21','22','23','24','25','26','27','28','29','30','31','32','33','34','35','36','37','38','39','40','41') AND `type` = 1 AND `status` = 1  [ RunTime:0.0000s ]
NOTIC: [8] Undefined variable: token E:\wamp\www\xiaohuanxiong\Application\Runtime\Cache\Admin\c57044e495d3bf9b32d6ca2a73d36e0d.php 第 402 行.
NOTIC: [8] Undefined variable: token E:\wamp\www\xiaohuanxiong\Application\Runtime\Cache\Admin\c57044e495d3bf9b32d6ca2a73d36e0d.php 第 405 行.
INFO: Run Behavior\ParseTemplateBehavior [ RunTime:0.052003s ]
INFO: [ view_parse ] --END-- [ RunTime:0.052003s ]
INFO: [ view_filter ] --START--
INFO: Run Behavior\WriteHtmlCacheBehavior [ RunTime:0.001001s ]
INFO: [ view_filter ] --END-- [ RunTime:0.001001s ]
INFO: [ app_end ] --START--
INFO: Run Behavior\ShowPageTraceBehavior [ RunTime:0.001000s ]
INFO: [ app_end ] --END-- [ RunTime:0.001000s ]

[ 2018-08-01T09:25:23+08:00 ] 127.0.0.1 /admin.php?m=Admin&c=Goods&a=index
INFO: [ app_init ] --START--
INFO: Run Behavior\BuildLiteBehavior [ RunTime:0.000000s ]
INFO: [ app_init ] --END-- [ RunTime:0.002000s ]
INFO: [ app_begin ] --START--
INFO: Run Behavior\ReadHtmlCacheBehavior [ RunTime:0.002000s ]
INFO: [ app_begin ] --END-- [ RunTime:0.003000s ]
SQL: SHOW COLUMNS FROM `x_admin` [ RunTime:0.0020s ]
SQL: SELECT * FROM `x_admin` WHERE `id` = 1 LIMIT 1   [ RunTime:0.0000s ]
SQL: SHOW COLUMNS FROM `x_auth_group` [ RunTime:0.0010s ]
SQL: SELECT * FROM `x_auth_group` WHERE `id` = 0 LIMIT 1   [ RunTime:0.0010s ]
NOTIC: [8] Indirect modification of overloaded property Admin\Controller\GoodsController::$admin has no effect E:\wamp\www\xiaohuanxiong\Application\Admin\Controller\AdminController.class.php 第 19 行.
SQL: SHOW COLUMNS FROM `x_goods` [ RunTime:0.0030s ]
NOTIC: [8] Undefined variable: where E:\wamp\www\xiaohuanxiong\Application\Admin\Controller\GoodsController.class.php 第 13 行.
SQL: SELECT COUNT(*) AS tp_count FROM `x_goods` LIMIT 1   [ RunTime:0.0000s ]
NOTIC: [8] Undefined variable: where E:\wamp\www\xiaohuanxiong\Application\Admin\Controller\GoodsController.class.php 第 18 行.
SQL: SELECT `g_id`,`g_name`,`g_img`,`g_sale_num`,`g_strawberry`,`g_peach` FROM `x_goods` ORDER BY g_id desc LIMIT 0,20   [ RunTime:0.0010s ]
NOTIC: [8] Undefined variable: where E:\wamp\www\xiaohuanxiong\Application\Admin\Controller\GoodsController.class.php 第 21 行.
INFO: [ view_parse ] --START--
INFO: [ template_filter ] --START--
INFO: Run Behavior\ContentReplaceBehavior [ RunTime:0.000000s ]
INFO: [ template_filter ] --END-- [ RunTime:0.000000s ]
SQL: SHOW COLUMNS FROM `x_auth_group_access` [ RunTime:0.0020s ]
SQL: SELECT `uid`,`group_id`,`title`,`rules` FROM x_auth_group_access a INNER JOIN x_auth_group g on a.group_id=g.id  WHERE ( a.uid='1' and g.status='1' )  [ RunTime:0.0000s ]
SQL: SHOW COLUMNS FROM `x_auth_rule` [ RunTime:0.0010s ]
SQL: SELECT `condition`,`name` FROM `x_auth_rule` WHERE `id` IN ('2','3','4','5','6','7','8','9','1','13','10','11','12','14','15','16','17','18','19','42','20','21','22','23','24','25','26','27','28','29','30','31','32','33','34','35','36','37','38','39','40','41') AND `type` = 1 AND `status` = 1  [ RunTime:0.0000s ]
NOTIC: [8] Undefined variable: token E:\wamp\www\xiaohuanxiong\Application\Runtime\Cache\Admin\c57044e495d3bf9b32d6ca2a73d36e0d.php 第 402 行.
NOTIC: [8] Undefined variable: token E:\wamp\www\xiaohuanxiong\Application\Runtime\Cache\Admin\c57044e495d3bf9b32d6ca2a73d36e0d.php 第 405 行.
INFO: Run Behavior\ParseTemplateBehavior [ RunTime:0.051003s ]
INFO: [ view_parse ] --END-- [ RunTime:0.051003s ]
INFO: [ view_filter ] --START--
INFO: Run Behavior\WriteHtmlCacheBehavior [ RunTime:0.000000s ]
INFO: [ view_filter ] --END-- [ RunTime:0.001000s ]
INFO: [ app_end ] --START--
INFO: Run Behavior\ShowPageTraceBehavior [ RunTime:0.001000s ]
INFO: [ app_end ] --END-- [ RunTime:0.001000s ]

[ 2018-08-01T09:25:24+08:00 ] 127.0.0.1 /admin.php?m=Admin&c=Goods&a=add
INFO: [ app_init ] --START--
INFO: Run Behavior\BuildLiteBehavior [ RunTime:0.000000s ]
INFO: [ app_init ] --END-- [ RunTime:0.001000s ]
INFO: [ app_begin ] --START--
INFO: Run Behavior\ReadHtmlCacheBehavior [ RunTime:0.001000s ]
INFO: [ app_begin ] --END-- [ RunTime:0.001000s ]
SQL: SHOW COLUMNS FROM `x_admin` [ RunTime:0.0010s ]
SQL: SELECT * FROM `x_admin` WHERE `id` = 1 LIMIT 1   [ RunTime:0.0010s ]
SQL: SHOW COLUMNS FROM `x_auth_group` [ RunTime:0.0010s ]
SQL: SELECT * FROM `x_auth_group` WHERE `id` = 0 LIMIT 1   [ RunTime:0.0000s ]
NOTIC: [8] Indirect modification of overloaded property Admin\Controller\GoodsController::$admin has no effect E:\wamp\www\xiaohuanxiong\Application\Admin\Controller\AdminController.class.php 第 19 行.
SQL: SHOW COLUMNS FROM `x_goods` [ RunTime:0.0020s ]
SQL: SELECT * FROM `x_goods` WHERE `g_id` = 0 LIMIT 1   [ RunTime:0.0000s ]
SQL: SELECT * FROM `x_goods` WHERE `g_id` = 0 LIMIT 1   [ RunTime:0.0000s ]
INFO: [ view_parse ] --START--
INFO: [ template_filter ] --START--
INFO: Run Behavior\ContentReplaceBehavior [ RunTime:0.000000s ]
INFO: [ template_filter ] --END-- [ RunTime:0.000000s ]
SQL: SHOW COLUMNS FROM `x_auth_group_access` [ RunTime:0.0020s ]
SQL: SELECT `uid`,`group_id`,`title`,`rules` FROM x_auth_group_access a INNER JOIN x_auth_group g on a.group_id=g.id  WHERE ( a.uid='1' and g.status='1' )  [ RunTime:0.0010s ]
SQL: SHOW COLUMNS FROM `x_auth_rule` [ RunTime:0.0010s ]
SQL: SELECT `condition`,`name` FROM `x_auth_rule` WHERE `id` IN ('2','3','4','5','6','7','8','9','1','13','10','11','12','14','15','16','17','18','19','42','20','21','22','23','24','25','26','27','28','29','30','31','32','33','34','35','36','37','38','39','40','41') AND `type` = 1 AND `status` = 1  [ RunTime:0.0010s ]
NOTIC: [8] Undefined variable: token E:\wamp\www\xiaohuanxiong\Application\Runtime\Cache\Admin\b2d433e94cef2c512db2ed8e9448460b.php 第 408 行.
NOTIC: [8] Undefined variable: token E:\wamp\www\xiaohuanxiong\Application\Runtime\Cache\Admin\b2d433e94cef2c512db2ed8e9448460b.php 第 411 行.
INFO: Run Behavior\ParseTemplateBehavior [ RunTime:0.051002s ]
INFO: [ view_parse ] --END-- [ RunTime:0.051002s ]
INFO: [ view_filter ] --START--
INFO: Run Behavior\WriteHtmlCacheBehavior [ RunTime:0.000000s ]
INFO: [ view_filter ] --END-- [ RunTime:0.001001s ]
INFO: [ app_end ] --START--
INFO: Run Behavior\ShowPageTraceBehavior [ RunTime:0.001000s ]
INFO: [ app_end ] --END-- [ RunTime:0.001000s ]

[ 2018-08-01T09:25:28+08:00 ] 127.0.0.1 /admin.php?m=Admin&c=Goods&a=add
INFO: [ app_init ] --START--
INFO: Run Behavior\BuildLiteBehavior [ RunTime:0.000000s ]
INFO: [ app_init ] --END-- [ RunTime:0.001000s ]
INFO: [ app_begin ] --START--
INFO: Run Behavior\ReadHtmlCacheBehavior [ RunTime:0.000000s ]
INFO: [ app_begin ] --END-- [ RunTime:0.002000s ]
SQL: SHOW COLUMNS FROM `x_admin` [ RunTime:0.0010s ]
SQL: SELECT * FROM `x_admin` WHERE `id` = 1 LIMIT 1   [ RunTime:0.0000s ]
SQL: SHOW COLUMNS FROM `x_auth_group` [ RunTime:0.0010s ]
SQL: SELECT * FROM `x_auth_group` WHERE `id` = 0 LIMIT 1   [ RunTime:0.0010s ]
NOTIC: [8] Indirect modification of overloaded property Admin\Controller\GoodsController::$admin has no effect E:\wamp\www\xiaohuanxiong\Application\Admin\Controller\AdminController.class.php 第 19 行.
SQL: SHOW COLUMNS FROM `x_goods` [ RunTime:0.0020s ]
SQL: SELECT * FROM `x_goods` WHERE `g_id` = 0 LIMIT 1   [ RunTime:0.0010s ]
NOTIC: [8] Undefined index: editorValue E:\wamp\www\xiaohuanxiong\Application\Admin\Controller\GoodsController.class.php 第 56 行.
SQL: INSERT INTO `x_goods` (`g_img`,`g_name`,`g_desc`,`g_strawberry`,`g_peach`,`g_create_time`) VALUES ('','','','0','0','1533086728') [ RunTime:0.0570s ]
INFO: [ view_parse ] --START--
INFO: [ template_filter ] --START--
INFO: Run Behavior\ContentReplaceBehavior [ RunTime:0.000000s ]
INFO: [ template_filter ] --END-- [ RunTime:0.000000s ]
INFO: Run Behavior\ParseTemplateBehavior [ RunTime:0.015001s ]
INFO: [ view_parse ] --END-- [ RunTime:0.015001s ]
INFO: [ view_filter ] --START--
INFO: Run Behavior\WriteHtmlCacheBehavior [ RunTime:0.001000s ]
INFO: [ view_filter ] --END-- [ RunTime:0.001000s ]
INFO: [ view_parse ] --START--
INFO: [ template_filter ] --START--
INFO: Run Behavior\ContentReplaceBehavior [ RunTime:0.000000s ]
INFO: [ template_filter ] --END-- [ RunTime:-0.015001s ]
SQL: SHOW COLUMNS FROM `x_auth_group_access` [ RunTime:0.0020s ]
SQL: SELECT `uid`,`group_id`,`title`,`rules` FROM x_auth_group_access a INNER JOIN x_auth_group g on a.group_id=g.id  WHERE ( a.uid='1' and g.status='1' )  [ RunTime:0.0000s ]
SQL: SHOW COLUMNS FROM `x_auth_rule` [ RunTime:0.0010s ]
SQL: SELECT `condition`,`name` FROM `x_auth_rule` WHERE `id` IN ('2','3','4','5','6','7','8','9','1','13','10','11','12','14','15','16','17','18','19','42','20','21','22','23','24','25','26','27','28','29','30','31','32','33','34','35','36','37','38','39','40','41') AND `type` = 1 AND `status` = 1  [ RunTime:0.0010s ]
NOTIC: [8] Undefined variable: info E:\wamp\www\xiaohuanxiong\Application\Runtime\Cache\Admin\b2d433e94cef2c512db2ed8e9448460b.php 第 259 行.
NOTIC: [8] Undefined variable: info E:\wamp\www\xiaohuanxiong\Application\Runtime\Cache\Admin\b2d433e94cef2c512db2ed8e9448460b.php 第 269 行.
NOTIC: [8] Undefined variable: info E:\wamp\www\xiaohuanxiong\Application\Runtime\Cache\Admin\b2d433e94cef2c512db2ed8e9448460b.php 第 278 行.
NOTIC: [8] Undefined variable: info E:\wamp\www\xiaohuanxiong\Application\Runtime\Cache\Admin\b2d433e94cef2c512db2ed8e9448460b.php 第 285 行.
NOTIC: [8] Undefined variable: info E:\wamp\www\xiaohuanxiong\Application\Runtime\Cache\Admin\b2d433e94cef2c512db2ed8e9448460b.php 第 292 行.
NOTIC: [8] Undefined variable: token E:\wamp\www\xiaohuanxiong\Application\Runtime\Cache\Admin\b2d433e94cef2c512db2ed8e9448460b.php 第 408 行.
NOTIC: [8] Undefined variable: token E:\wamp\www\xiaohuanxiong\Application\Runtime\Cache\Admin\b2d433e94cef2c512db2ed8e9448460b.php 第 411 行.
INFO: Run Behavior\ParseTemplateBehavior [ RunTime:0.042002s ]
INFO: [ view_parse ] --END-- [ RunTime:-0.002000s ]
INFO: [ view_filter ] --START--
INFO: Run Behavior\WriteHtmlCacheBehavior [ RunTime:0.000000s ]
INFO: [ view_filter ] --END-- [ RunTime:-0.043002s ]
INFO: [ app_end ] --START--
INFO: Run Behavior\ShowPageTraceBehavior [ RunTime:0.001000s ]
INFO: [ app_end ] --END-- [ RunTime:0.001000s ]

[ 2018-08-01T09:25:29+08:00 ] 127.0.0.1 /admin.php?m=Admin&c=Goods&a=index
INFO: [ app_init ] --START--
INFO: Run Behavior\BuildLiteBehavior [ RunTime:0.000000s ]
INFO: [ app_init ] --END-- [ RunTime:0.001000s ]
INFO: [ app_begin ] --START--
INFO: Run Behavior\ReadHtmlCacheBehavior [ RunTime:0.001000s ]
INFO: [ app_begin ] --END-- [ RunTime:0.001000s ]
SQL: SHOW COLUMNS FROM `x_admin` [ RunTime:0.0010s ]
SQL: SELECT * FROM `x_admin` WHERE `id` = 1 LIMIT 1   [ RunTime:0.0010s ]
SQL: SHOW COLUMNS FROM `x_auth_group` [ RunTime:0.0010s ]
SQL: SELECT * FROM `x_auth_group` WHERE `id` = 0 LIMIT 1   [ RunTime:0.0000s ]
NOTIC: [8] Indirect modification of overloaded property Admin\Controller\GoodsController::$admin has no effect E:\wamp\www\xiaohuanxiong\Application\Admin\Controller\AdminController.class.php 第 19 行.
SQL: SHOW COLUMNS FROM `x_goods` [ RunTime:0.0020s ]
NOTIC: [8] Undefined variable: where E:\wamp\www\xiaohuanxiong\Application\Admin\Controller\GoodsController.class.php 第 13 行.
SQL: SELECT COUNT(*) AS tp_count FROM `x_goods` LIMIT 1   [ RunTime:0.0000s ]
NOTIC: [8] Undefined variable: where E:\wamp\www\xiaohuanxiong\Application\Admin\Controller\GoodsController.class.php 第 18 行.
SQL: SELECT `g_id`,`g_name`,`g_img`,`g_sale_num`,`g_strawberry`,`g_peach` FROM `x_goods` ORDER BY g_id desc LIMIT 0,20   [ RunTime:0.0000s ]
NOTIC: [8] Undefined variable: where E:\wamp\www\xiaohuanxiong\Application\Admin\Controller\GoodsController.class.php 第 21 行.
INFO: [ view_parse ] --START--
INFO: [ template_filter ] --START--
INFO: Run Behavior\ContentReplaceBehavior [ RunTime:0.000000s ]
INFO: [ template_filter ] --END-- [ RunTime:0.001000s ]
SQL: SHOW COLUMNS FROM `x_auth_group_access` [ RunTime:0.0020s ]
SQL: SELECT `uid`,`group_id`,`title`,`rules` FROM x_auth_group_access a INNER JOIN x_auth_group g on a.group_id=g.id  WHERE ( a.uid='1' and g.status='1' )  [ RunTime:0.0000s ]
SQL: SHOW COLUMNS FROM `x_auth_rule` [ RunTime:0.0010s ]
SQL: SELECT `condition`,`name` FROM `x_auth_rule` WHERE `id` IN ('2','3','4','5','6','7','8','9','1','13','10','11','12','14','15','16','17','18','19','42','20','21','22','23','24','25','26','27','28','29','30','31','32','33','34','35','36','37','38','39','40','41') AND `type` = 1 AND `status` = 1  [ RunTime:0.0010s ]
NOTIC: [8] Undefined variable: token E:\wamp\www\xiaohuanxiong\Application\Runtime\Cache\Admin\c57044e495d3bf9b32d6ca2a73d36e0d.php 第 402 行.
NOTIC: [8] Undefined variable: token E:\wamp\www\xiaohuanxiong\Application\Runtime\Cache\Admin\c57044e495d3bf9b32d6ca2a73d36e0d.php 第 405 行.
INFO: Run Behavior\ParseTemplateBehavior [ RunTime:0.043003s ]
INFO: [ view_parse ] --END-- [ RunTime:0.043003s ]
INFO: [ view_filter ] --START--
INFO: Run Behavior\WriteHtmlCacheBehavior [ RunTime:0.001000s ]
INFO: [ view_filter ] --END-- [ RunTime:0.001000s ]
INFO: [ app_end ] --START--
INFO: Run Behavior\ShowPageTraceBehavior [ RunTime:0.000000s ]
INFO: [ app_end ] --END-- [ RunTime:0.000000s ]

[ 2018-08-01T09:25:33+08:00 ] 127.0.0.1 /admin.php?m=Admin&c=Goods&a=add
INFO: [ app_init ] --START--
INFO: Run Behavior\BuildLiteBehavior [ RunTime:0.000000s ]
INFO: [ app_init ] --END-- [ RunTime:0.001000s ]
INFO: [ app_begin ] --START--
INFO: Run Behavior\ReadHtmlCacheBehavior [ RunTime:0.001001s ]
INFO: [ app_begin ] --END-- [ RunTime:0.001001s ]
SQL: SHOW COLUMNS FROM `x_admin` [ RunTime:0.0010s ]
SQL: SELECT * FROM `x_admin` WHERE `id` = 1 LIMIT 1   [ RunTime:0.0010s ]
SQL: SHOW COLUMNS FROM `x_auth_group` [ RunTime:0.0010s ]
SQL: SELECT * FROM `x_auth_group` WHERE `id` = 0 LIMIT 1   [ RunTime:0.0000s ]
NOTIC: [8] Indirect modification of overloaded property Admin\Controller\GoodsController::$admin has no effect E:\wamp\www\xiaohuanxiong\Application\Admin\Controller\AdminController.class.php 第 19 行.
SQL: SHOW COLUMNS FROM `x_goods` [ RunTime:0.0020s ]
SQL: SELECT * FROM `x_goods` WHERE `g_id` = 0 LIMIT 1   [ RunTime:0.0000s ]
SQL: SELECT * FROM `x_goods` WHERE `g_id` = 0 LIMIT 1   [ RunTime:0.0000s ]
INFO: [ view_parse ] --START--
INFO: [ template_filter ] --START--
INFO: Run Behavior\ContentReplaceBehavior [ RunTime:0.000000s ]
INFO: [ template_filter ] --END-- [ RunTime:0.000000s ]
SQL: SHOW COLUMNS FROM `x_auth_group_access` [ RunTime:0.0420s ]
SQL: SELECT `uid`,`group_id`,`title`,`rules` FROM x_auth_group_access a INNER JOIN x_auth_group g on a.group_id=g.id  WHERE ( a.uid='1' and g.status='1' )  [ RunTime:0.0010s ]
SQL: SHOW COLUMNS FROM `x_auth_rule` [ RunTime:0.0010s ]
SQL: SELECT `condition`,`name` FROM `x_auth_rule` WHERE `id` IN ('2','3','4','5','6','7','8','9','1','13','10','11','12','14','15','16','17','18','19','42','20','21','22','23','24','25','26','27','28','29','30','31','32','33','34','35','36','37','38','39','40','41') AND `type` = 1 AND `status` = 1  [ RunTime:0.0010s ]
NOTIC: [8] Undefined variable: token E:\wamp\www\xiaohuanxiong\Application\Runtime\Cache\Admin\b2d433e94cef2c512db2ed8e9448460b.php 第 408 行.
NOTIC: [8] Undefined variable: token E:\wamp\www\xiaohuanxiong\Application\Runtime\Cache\Admin\b2d433e94cef2c512db2ed8e9448460b.php 第 411 行.
INFO: Run Behavior\ParseTemplateBehavior [ RunTime:0.106006s ]
INFO: [ view_parse ] --END-- [ RunTime:0.106006s ]
INFO: [ view_filter ] --START--
INFO: Run Behavior\WriteHtmlCacheBehavior [ RunTime:0.001000s ]
INFO: [ view_filter ] --END-- [ RunTime:0.001000s ]
INFO: [ app_end ] --START--
INFO: Run Behavior\ShowPageTraceBehavior [ RunTime:0.001000s ]
INFO: [ app_end ] --END-- [ RunTime:0.001000s ]

[ 2018-08-01T09:27:15+08:00 ] 127.0.0.1 /admin.php?m=Admin&c=Orders&a=index
INFO: [ app_init ] --START--
INFO: Run Behavior\BuildLiteBehavior [ RunTime:0.001000s ]
INFO: [ app_init ] --END-- [ RunTime:0.001000s ]
INFO: [ app_begin ] --START--
INFO: Run Behavior\ReadHtmlCacheBehavior [ RunTime:0.002000s ]
INFO: [ app_begin ] --END-- [ RunTime:0.002000s ]
SQL: SHOW COLUMNS FROM `x_admin` [ RunTime:0.0010s ]
SQL: SELECT * FROM `x_admin` WHERE `id` = 1 LIMIT 1   [ RunTime:0.0010s ]
SQL: SHOW COLUMNS FROM `x_auth_group` [ RunTime:0.0010s ]
SQL: SELECT * FROM `x_auth_group` WHERE `id` = 0 LIMIT 1   [ RunTime:0.0010s ]
NOTIC: [8] Indirect modification of overloaded property Admin\Controller\OrdersController::$admin has no effect E:\wamp\www\xiaohuanxiong\Application\Admin\Controller\AdminController.class.php 第 19 行.
SQL: SHOW COLUMNS FROM `x_orders` [ RunTime:0.0480s ]
SQL: SELECT COUNT(*) AS tp_count FROM `x_orders` LIMIT 1   [ RunTime:0.0010s ]
SQL: SELECT * FROM `x_orders` ORDER BY id desc LIMIT 0,20   [ RunTime:0.0010s ]
SQL: SHOW COLUMNS FROM `x_goods` [ RunTime:0.0050s ]
SQL: SELECT * FROM `x_goods` WHERE `g_id` = 3 LIMIT 1   [ RunTime:0.0010s ]
SQL: SELECT * FROM `x_goods` WHERE `g_id` = 1 LIMIT 1   [ RunTime:0.0000s ]
SQL: SELECT * FROM `x_goods` WHERE `g_id` = 2 LIMIT 1   [ RunTime:0.0010s ]
INFO: [ view_parse ] --START--
INFO: [ template_filter ] --START--
INFO: Run Behavior\ContentReplaceBehavior [ RunTime:0.001000s ]
INFO: [ template_filter ] --END-- [ RunTime:0.001000s ]
SQL: SHOW COLUMNS FROM `x_auth_group_access` [ RunTime:0.0020s ]
SQL: SELECT `uid`,`group_id`,`title`,`rules` FROM x_auth_group_access a INNER JOIN x_auth_group g on a.group_id=g.id  WHERE ( a.uid='1' and g.status='1' )  [ RunTime:0.0000s ]
SQL: SHOW COLUMNS FROM `x_auth_rule` [ RunTime:0.0010s ]
SQL: SELECT `condition`,`name` FROM `x_auth_rule` WHERE `id` IN ('2','3','4','5','6','7','8','9','1','13','10','11','12','14','15','16','17','18','19','42','20','21','22','23','24','25','26','27','28','29','30','31','32','33','34','35','36','37','38','39','40','41') AND `type` = 1 AND `status` = 1  [ RunTime:0.0000s ]
NOTIC: [8] Undefined variable: token E:\wamp\www\xiaohuanxiong\Application\Runtime\Cache\Admin\25ea7223accfb8d283487f3fa7d021c7.php 第 416 行.
NOTIC: [8] Undefined variable: token E:\wamp\www\xiaohuanxiong\Application\Runtime\Cache\Admin\25ea7223accfb8d283487f3fa7d021c7.php 第 419 行.
INFO: Run Behavior\ParseTemplateBehavior [ RunTime:0.092005s ]
INFO: [ view_parse ] --END-- [ RunTime:0.092005s ]
INFO: [ view_filter ] --START--
INFO: Run Behavior\WriteHtmlCacheBehavior [ RunTime:0.001000s ]
INFO: [ view_filter ] --END-- [ RunTime:0.001000s ]
INFO: [ app_end ] --START--
INFO: Run Behavior\ShowPageTraceBehavior [ RunTime:0.001000s ]
INFO: [ app_end ] --END-- [ RunTime:0.001000s ]

