[ 2018-06-28T11:38:02+08:00 ] 127.0.0.1 /admin.php
INFO: [ app_init ] --START--
INFO: Run Behavior\BuildLiteBehavior [ RunTime:0.000000s ]
INFO: [ app_init ] --END-- [ RunTime:0.072004s ]
INFO: [ app_begin ] --START--
INFO: Run Behavior\ReadHtmlCacheBehavior [ RunTime:0.002000s ]
INFO: [ app_begin ] --END-- [ RunTime:0.002000s ]

[ 2018-06-28T11:38:02+08:00 ] 127.0.0.1 /admin.php?m=Admin&c=Login&a=index
INFO: [ app_init ] --START--
INFO: Run Behavior\BuildLiteBehavior [ RunTime:0.000000s ]
INFO: [ app_init ] --END-- [ RunTime:0.001000s ]
INFO: [ app_begin ] --START--
INFO: Run Behavior\ReadHtmlCacheBehavior [ RunTime:0.001000s ]
INFO: [ app_begin ] --END-- [ RunTime:0.001000s ]
INFO: [ view_parse ] --START--
INFO: [ template_filter ] --START--
INFO: Run Behavior\ContentReplaceBehavior [ RunTime:0.001000s ]
INFO: [ template_filter ] --END-- [ RunTime:0.002000s ]
INFO: Run Behavior\ParseTemplateBehavior [ RunTime:0.015001s ]
INFO: [ view_parse ] --END-- [ RunTime:0.016001s ]
INFO: [ view_filter ] --START--
INFO: Run Behavior\WriteHtmlCacheBehavior [ RunTime:0.002000s ]
INFO: [ view_filter ] --END-- [ RunTime:0.002000s ]
INFO: [ app_end ] --START--
INFO: Run Behavior\ShowPageTraceBehavior [ RunTime:0.002000s ]
INFO: [ app_end ] --END-- [ RunTime:0.002000s ]

[ 2018-06-28T13:36:31+08:00 ] 127.0.0.1 /admin.php
INFO: [ app_init ] --START--
INFO: Run Behavior\BuildLiteBehavior [ RunTime:0.000000s ]
INFO: [ app_init ] --END-- [ RunTime:0.002000s ]
INFO: [ app_begin ] --START--
INFO: Run Behavior\ReadHtmlCacheBehavior [ RunTime:0.001000s ]
INFO: [ app_begin ] --END-- [ RunTime:0.001000s ]

[ 2018-06-28T13:36:31+08:00 ] 127.0.0.1 /admin.php?m=Admin&c=Login&a=index
INFO: [ app_init ] --START--
INFO: Run Behavior\BuildLiteBehavior [ RunTime:0.000000s ]
INFO: [ app_init ] --END-- [ RunTime:0.001000s ]
INFO: [ app_begin ] --START--
INFO: Run Behavior\ReadHtmlCacheBehavior [ RunTime:0.001000s ]
INFO: [ app_begin ] --END-- [ RunTime:0.001000s ]
INFO: [ view_parse ] --START--
INFO: [ template_filter ] --START--
INFO: Run Behavior\ContentReplaceBehavior [ RunTime:0.000000s ]
INFO: [ template_filter ] --END-- [ RunTime:0.000000s ]
INFO: Run Behavior\ParseTemplateBehavior [ RunTime:0.009000s ]
INFO: [ view_parse ] --END-- [ RunTime:0.009000s ]
INFO: [ view_filter ] --START--
INFO: Run Behavior\WriteHtmlCacheBehavior [ RunTime:0.000000s ]
INFO: [ view_filter ] --END-- [ RunTime:0.000000s ]
INFO: [ app_end ] --START--
INFO: Run Behavior\ShowPageTraceBehavior [ RunTime:0.000000s ]
INFO: [ app_end ] --END-- [ RunTime:0.001001s ]

[ 2018-06-28T13:36:34+08:00 ] 127.0.0.1 /admin.php?m=Admin&c=Login&a=index
INFO: [ app_init ] --START--
INFO: Run Behavior\BuildLiteBehavior [ RunTime:0.000000s ]
INFO: [ app_init ] --END-- [ RunTime:0.001000s ]
INFO: [ app_begin ] --START--
INFO: Run Behavior\ReadHtmlCacheBehavior [ RunTime:0.002000s ]
INFO: [ app_begin ] --END-- [ RunTime:0.002000s ]
SQL: SHOW COLUMNS FROM `x_admin` [ RunTime:0.0190s ]
SQL: SELECT * FROM `x_admin` WHERE `name` = 'admin' LIMIT 1   [ RunTime:0.0010s ]
SQL: UPDATE `x_admin` SET `last_login_ip`='127.0.0.1',`last_login_time`='1530164194' WHERE `name` = 'admin' [ RunTime:0.0010s ]
INFO: [ view_parse ] --START--
INFO: [ template_filter ] --START--
INFO: Run Behavior\ContentReplaceBehavior [ RunTime:0.000000s ]
INFO: [ template_filter ] --END-- [ RunTime:0.001000s ]
INFO: Run Behavior\ParseTemplateBehavior [ RunTime:0.032002s ]
INFO: [ view_parse ] --END-- [ RunTime:0.032002s ]
INFO: [ view_filter ] --START--
INFO: Run Behavior\WriteHtmlCacheBehavior [ RunTime:0.001000s ]
INFO: [ view_filter ] --END-- [ RunTime:0.002000s ]
INFO: [ app_end ] --START--
INFO: Run Behavior\ShowPageTraceBehavior [ RunTime:0.001000s ]
INFO: [ app_end ] --END-- [ RunTime:0.002000s ]

[ 2018-06-28T13:36:35+08:00 ] 127.0.0.1 /admin.php?m=Admin&c=Index&a=index
INFO: [ app_init ] --START--
INFO: Run Behavior\BuildLiteBehavior [ RunTime:0.000000s ]
INFO: [ app_init ] --END-- [ RunTime:0.001000s ]
INFO: [ app_begin ] --START--
INFO: Run Behavior\ReadHtmlCacheBehavior [ RunTime:0.001000s ]
INFO: [ app_begin ] --END-- [ RunTime:0.001000s ]
SQL: SHOW COLUMNS FROM `x_admin` [ RunTime:0.0010s ]
SQL: SELECT * FROM `x_admin` WHERE `id` = 1 LIMIT 1   [ RunTime:0.0000s ]
SQL: SHOW COLUMNS FROM `x_auth_group` [ RunTime:0.0250s ]
SQL: SELECT * FROM `x_auth_group` WHERE `id` = 0 LIMIT 1   [ RunTime:0.0000s ]
NOTIC: [8] Indirect modification of overloaded property Admin\Controller\IndexController::$admin has no effect E:\wamp\www\xiaohuanxiong\Application\Admin\Controller\AdminController.class.php 第 18 行.
INFO: [ view_parse ] --START--
INFO: [ template_filter ] --START--
INFO: Run Behavior\ContentReplaceBehavior [ RunTime:0.001000s ]
INFO: [ template_filter ] --END-- [ RunTime:0.001000s ]
SQL: SHOW COLUMNS FROM `x_auth_group_access` [ RunTime:0.0240s ]
SQL: SELECT `uid`,`group_id`,`title`,`rules` FROM x_auth_group_access a INNER JOIN x_auth_group g on a.group_id=g.id  WHERE ( a.uid='1' and g.status='1' )  [ RunTime:0.0010s ]
SQL: SHOW COLUMNS FROM `x_auth_rule` [ RunTime:0.0200s ]
SQL: SELECT `condition`,`name` FROM `x_auth_rule` WHERE `id` IN ('2','3','4','5','6','7','8','9','1','13','10','11','12','14','15','16','17','18','19','42','20','21','22','23','24','25','26','27','28','29','30','31','32','33','34','35','36','37','38','39','40','41') AND `type` = 1 AND `status` = 1  [ RunTime:0.0130s ]
NOTIC: [8] Undefined variable: token E:\wamp\www\xiaohuanxiong\Application\Runtime\Cache\Admin\222175dcb33b4771668f24c7f484ba64.php 第 340 行.
NOTIC: [8] Undefined variable: token E:\wamp\www\xiaohuanxiong\Application\Runtime\Cache\Admin\222175dcb33b4771668f24c7f484ba64.php 第 343 行.
INFO: Run Behavior\ParseTemplateBehavior [ RunTime:0.169009s ]
INFO: [ view_parse ] --END-- [ RunTime:0.169009s ]
INFO: [ view_filter ] --START--
INFO: Run Behavior\WriteHtmlCacheBehavior [ RunTime:0.001000s ]
INFO: [ view_filter ] --END-- [ RunTime:0.001000s ]
INFO: [ app_end ] --START--
INFO: Run Behavior\ShowPageTraceBehavior [ RunTime:0.002000s ]
INFO: [ app_end ] --END-- [ RunTime:0.002000s ]

[ 2018-06-28T13:36:39+08:00 ] 127.0.0.1 /admin.php?m=Admin&c=User&a=index
INFO: [ app_init ] --START--
INFO: Run Behavior\BuildLiteBehavior [ RunTime:0.000000s ]
INFO: [ app_init ] --END-- [ RunTime:0.001000s ]
INFO: [ app_begin ] --START--
INFO: Run Behavior\ReadHtmlCacheBehavior [ RunTime:0.001000s ]
INFO: [ app_begin ] --END-- [ RunTime:0.001000s ]
SQL: SHOW COLUMNS FROM `x_admin` [ RunTime:0.0010s ]
SQL: SELECT * FROM `x_admin` WHERE `id` = 1 LIMIT 1   [ RunTime:0.0000s ]
SQL: SHOW COLUMNS FROM `x_auth_group` [ RunTime:0.0000s ]
SQL: SELECT * FROM `x_auth_group` WHERE `id` = 0 LIMIT 1   [ RunTime:0.0000s ]
NOTIC: [8] Indirect modification of overloaded property Admin\Controller\UserController::$admin has no effect E:\wamp\www\xiaohuanxiong\Application\Admin\Controller\AdminController.class.php 第 18 行.
SQL: SHOW COLUMNS FROM `x_user` [ RunTime:0.0010s ]
NOTIC: [8] Undefined variable: where E:\wamp\www\xiaohuanxiong\Application\Admin\Controller\UserController.class.php 第 15 行.
SQL: SELECT COUNT(*) AS tp_count FROM `x_user` LIMIT 1   [ RunTime:0.0000s ]
NOTIC: [8] Undefined variable: where E:\wamp\www\xiaohuanxiong\Application\Admin\Controller\UserController.class.php 第 20 行.
SQL: SELECT * FROM `x_user` ORDER BY id desc LIMIT 0,20   [ RunTime:0.0370s ]
SQL: SELECT COUNT(*) AS tp_count FROM `x_user` LIMIT 1   [ RunTime:0.0000s ]
SQL: SELECT COUNT(*) AS tp_count FROM `x_user` WHERE ( createtime>=1530115200 and createtime<1530164199 ) LIMIT 1   [ RunTime:0.3330s ]
INFO: [ view_parse ] --START--
INFO: [ template_filter ] --START--
INFO: Run Behavior\ContentReplaceBehavior [ RunTime:0.000000s ]
INFO: [ template_filter ] --END-- [ RunTime:0.000000s ]
SQL: SHOW COLUMNS FROM `x_auth_group_access` [ RunTime:0.0020s ]
SQL: SELECT `uid`,`group_id`,`title`,`rules` FROM x_auth_group_access a INNER JOIN x_auth_group g on a.group_id=g.id  WHERE ( a.uid='1' and g.status='1' )  [ RunTime:0.0000s ]
SQL: SHOW COLUMNS FROM `x_auth_rule` [ RunTime:0.0010s ]
SQL: SELECT `condition`,`name` FROM `x_auth_rule` WHERE `id` IN ('2','3','4','5','6','7','8','9','1','13','10','11','12','14','15','16','17','18','19','42','20','21','22','23','24','25','26','27','28','29','30','31','32','33','34','35','36','37','38','39','40','41') AND `type` = 1 AND `status` = 1  [ RunTime:0.0010s ]
NOTIC: [8] Undefined index: nickname E:\wamp\www\xiaohuanxiong\Application\Runtime\Cache\Admin\78e2d60dbd31edc7ff6a539bcd62cff4.php 第 260 行.
NOTIC: [8] Undefined index: is_special E:\wamp\www\xiaohuanxiong\Application\Runtime\Cache\Admin\78e2d60dbd31edc7ff6a539bcd62cff4.php 第 266 行.
NOTIC: [8] Undefined index: is_special E:\wamp\www\xiaohuanxiong\Application\Runtime\Cache\Admin\78e2d60dbd31edc7ff6a539bcd62cff4.php 第 267 行.
NOTIC: [8] Undefined variable: token E:\wamp\www\xiaohuanxiong\Application\Runtime\Cache\Admin\78e2d60dbd31edc7ff6a539bcd62cff4.php 第 442 行.
NOTIC: [8] Undefined variable: token E:\wamp\www\xiaohuanxiong\Application\Runtime\Cache\Admin\78e2d60dbd31edc7ff6a539bcd62cff4.php 第 445 行.
INFO: Run Behavior\ParseTemplateBehavior [ RunTime:0.047003s ]
INFO: [ view_parse ] --END-- [ RunTime:0.047003s ]
INFO: [ view_filter ] --START--
INFO: Run Behavior\WriteHtmlCacheBehavior [ RunTime:0.001000s ]
INFO: [ view_filter ] --END-- [ RunTime:0.001000s ]
INFO: [ app_end ] --START--
INFO: Run Behavior\ShowPageTraceBehavior [ RunTime:0.000000s ]
INFO: [ app_end ] --END-- [ RunTime:0.001000s ]

[ 2018-06-28T13:52:02+08:00 ] 127.0.0.1 /admin.php?m=Admin&c=Cache&a=set
INFO: [ app_init ] --START--
INFO: Run Behavior\BuildLiteBehavior [ RunTime:0.000000s ]
INFO: [ app_init ] --END-- [ RunTime:0.001000s ]
INFO: [ app_begin ] --START--
INFO: Run Behavior\ReadHtmlCacheBehavior [ RunTime:0.001000s ]
INFO: [ app_begin ] --END-- [ RunTime:0.001000s ]
SQL: SHOW COLUMNS FROM `x_admin` [ RunTime:0.0020s ]
SQL: SELECT * FROM `x_admin` WHERE `id` = 1 LIMIT 1   [ RunTime:0.0000s ]
SQL: SHOW COLUMNS FROM `x_auth_group` [ RunTime:0.0010s ]
SQL: SELECT * FROM `x_auth_group` WHERE `id` = 0 LIMIT 1   [ RunTime:0.0000s ]
NOTIC: [8] Indirect modification of overloaded property Admin\Controller\CacheController::$admin has no effect E:\wamp\www\xiaohuanxiong\Application\Admin\Controller\AdminController.class.php 第 18 行.
INFO: [ view_parse ] --START--
INFO: [ template_filter ] --START--
INFO: Run Behavior\ContentReplaceBehavior [ RunTime:0.000000s ]
INFO: [ template_filter ] --END-- [ RunTime:0.000000s ]
SQL: SHOW COLUMNS FROM `x_auth_group_access` [ RunTime:0.0030s ]
SQL: SELECT `uid`,`group_id`,`title`,`rules` FROM x_auth_group_access a INNER JOIN x_auth_group g on a.group_id=g.id  WHERE ( a.uid='1' and g.status='1' )  [ RunTime:0.0350s ]
SQL: SHOW COLUMNS FROM `x_auth_rule` [ RunTime:0.0010s ]
SQL: SELECT `condition`,`name` FROM `x_auth_rule` WHERE `id` IN ('2','3','4','5','6','7','8','9','1','13','10','11','12','14','15','16','17','18','19','42','20','21','22','23','24','25','26','27','28','29','30','31','32','33','34','35','36','37','38','39','40','41') AND `type` = 1 AND `status` = 1  [ RunTime:0.0000s ]
NOTIC: [8] Undefined index: register E:\wamp\www\xiaohuanxiong\Application\Runtime\Cache\Admin\34badcb55e8666639c6245000a9a406b.php 第 254 行.
NOTIC: [8] Undefined index: invite E:\wamp\www\xiaohuanxiong\Application\Runtime\Cache\Admin\34badcb55e8666639c6245000a9a406b.php 第 261 行.
NOTIC: [8] Undefined index: sign E:\wamp\www\xiaohuanxiong\Application\Runtime\Cache\Admin\34badcb55e8666639c6245000a9a406b.php 第 268 行.
NOTIC: [8] Undefined index: share E:\wamp\www\xiaohuanxiong\Application\Runtime\Cache\Admin\34badcb55e8666639c6245000a9a406b.php 第 275 行.
NOTIC: [8] Undefined index: comment E:\wamp\www\xiaohuanxiong\Application\Runtime\Cache\Admin\34badcb55e8666639c6245000a9a406b.php 第 282 行.
NOTIC: [8] Undefined index: birthday E:\wamp\www\xiaohuanxiong\Application\Runtime\Cache\Admin\34badcb55e8666639c6245000a9a406b.php 第 289 行.
NOTIC: [8] Undefined variable: token E:\wamp\www\xiaohuanxiong\Application\Runtime\Cache\Admin\34badcb55e8666639c6245000a9a406b.php 第 412 行.
NOTIC: [8] Undefined variable: token E:\wamp\www\xiaohuanxiong\Application\Runtime\Cache\Admin\34badcb55e8666639c6245000a9a406b.php 第 415 行.
INFO: Run Behavior\ParseTemplateBehavior [ RunTime:0.098006s ]
INFO: [ view_parse ] --END-- [ RunTime:0.098006s ]
INFO: [ view_filter ] --START--
INFO: Run Behavior\WriteHtmlCacheBehavior [ RunTime:0.001000s ]
INFO: [ view_filter ] --END-- [ RunTime:0.001000s ]
INFO: [ app_end ] --START--
INFO: Run Behavior\ShowPageTraceBehavior [ RunTime:0.001000s ]
INFO: [ app_end ] --END-- [ RunTime:0.002000s ]

[ 2018-06-28T13:53:25+08:00 ] 127.0.0.1 /admin.php?m=Admin&c=Cache&a=set
INFO: [ app_init ] --START--
INFO: Run Behavior\BuildLiteBehavior [ RunTime:0.000000s ]
INFO: [ app_init ] --END-- [ RunTime:0.001000s ]
INFO: [ app_begin ] --START--
INFO: Run Behavior\ReadHtmlCacheBehavior [ RunTime:0.001000s ]
INFO: [ app_begin ] --END-- [ RunTime:0.002001s ]
SQL: SHOW COLUMNS FROM `x_admin` [ RunTime:0.0010s ]
SQL: SELECT * FROM `x_admin` WHERE `id` = 1 LIMIT 1   [ RunTime:0.0000s ]
SQL: SHOW COLUMNS FROM `x_auth_group` [ RunTime:0.0010s ]
SQL: SELECT * FROM `x_auth_group` WHERE `id` = 0 LIMIT 1   [ RunTime:0.0000s ]
NOTIC: [8] Indirect modification of overloaded property Admin\Controller\CacheController::$admin has no effect E:\wamp\www\xiaohuanxiong\Application\Admin\Controller\AdminController.class.php 第 18 行.
INFO: [ view_parse ] --START--
INFO: [ template_filter ] --START--
INFO: Run Behavior\ContentReplaceBehavior [ RunTime:0.000000s ]
INFO: [ template_filter ] --END-- [ RunTime:0.001000s ]
SQL: SHOW COLUMNS FROM `x_auth_group_access` [ RunTime:0.0030s ]
SQL: SELECT `uid`,`group_id`,`title`,`rules` FROM x_auth_group_access a INNER JOIN x_auth_group g on a.group_id=g.id  WHERE ( a.uid='1' and g.status='1' )  [ RunTime:0.0000s ]
SQL: SHOW COLUMNS FROM `x_auth_rule` [ RunTime:0.0010s ]
SQL: SELECT `condition`,`name` FROM `x_auth_rule` WHERE `id` IN ('2','3','4','5','6','7','8','9','1','13','10','11','12','14','15','16','17','18','19','42','20','21','22','23','24','25','26','27','28','29','30','31','32','33','34','35','36','37','38','39','40','41') AND `type` = 1 AND `status` = 1  [ RunTime:0.0000s ]
NOTIC: [8] Undefined index: register E:\wamp\www\xiaohuanxiong\Application\Runtime\Cache\Admin\34badcb55e8666639c6245000a9a406b.php 第 254 行.
NOTIC: [8] Undefined index: invite E:\wamp\www\xiaohuanxiong\Application\Runtime\Cache\Admin\34badcb55e8666639c6245000a9a406b.php 第 261 行.
NOTIC: [8] Undefined index: sign E:\wamp\www\xiaohuanxiong\Application\Runtime\Cache\Admin\34badcb55e8666639c6245000a9a406b.php 第 268 行.
NOTIC: [8] Undefined index: share E:\wamp\www\xiaohuanxiong\Application\Runtime\Cache\Admin\34badcb55e8666639c6245000a9a406b.php 第 282 行.
NOTIC: [8] Undefined index: comment E:\wamp\www\xiaohuanxiong\Application\Runtime\Cache\Admin\34badcb55e8666639c6245000a9a406b.php 第 289 行.
NOTIC: [8] Undefined index: birthday E:\wamp\www\xiaohuanxiong\Application\Runtime\Cache\Admin\34badcb55e8666639c6245000a9a406b.php 第 296 行.
NOTIC: [8] Undefined variable: token E:\wamp\www\xiaohuanxiong\Application\Runtime\Cache\Admin\34badcb55e8666639c6245000a9a406b.php 第 419 行.
NOTIC: [8] Undefined variable: token E:\wamp\www\xiaohuanxiong\Application\Runtime\Cache\Admin\34badcb55e8666639c6245000a9a406b.php 第 422 行.
INFO: Run Behavior\ParseTemplateBehavior [ RunTime:0.043003s ]
INFO: [ view_parse ] --END-- [ RunTime:0.043003s ]
INFO: [ view_filter ] --START--
INFO: Run Behavior\WriteHtmlCacheBehavior [ RunTime:0.000000s ]
INFO: [ view_filter ] --END-- [ RunTime:0.001000s ]
INFO: [ app_end ] --START--
INFO: Run Behavior\ShowPageTraceBehavior [ RunTime:0.001000s ]
INFO: [ app_end ] --END-- [ RunTime:0.001000s ]

[ 2018-06-28T13:55:41+08:00 ] 127.0.0.1 /admin.php?m=Admin&c=Cache&a=set
INFO: [ app_init ] --START--
INFO: Run Behavior\BuildLiteBehavior [ RunTime:0.000000s ]
INFO: [ app_init ] --END-- [ RunTime:0.001000s ]
INFO: [ app_begin ] --START--
INFO: Run Behavior\ReadHtmlCacheBehavior [ RunTime:0.002000s ]
INFO: [ app_begin ] --END-- [ RunTime:0.002000s ]
SQL: SHOW COLUMNS FROM `x_admin` [ RunTime:0.0010s ]
SQL: SELECT * FROM `x_admin` WHERE `id` = 1 LIMIT 1   [ RunTime:0.0000s ]
SQL: SHOW COLUMNS FROM `x_auth_group` [ RunTime:0.0010s ]
SQL: SELECT * FROM `x_auth_group` WHERE `id` = 0 LIMIT 1   [ RunTime:0.0010s ]
NOTIC: [8] Indirect modification of overloaded property Admin\Controller\CacheController::$admin has no effect E:\wamp\www\xiaohuanxiong\Application\Admin\Controller\AdminController.class.php 第 18 行.
INFO: [ view_parse ] --START--
INFO: [ template_filter ] --START--
INFO: Run Behavior\ContentReplaceBehavior [ RunTime:0.000000s ]
INFO: [ template_filter ] --END-- [ RunTime:0.000000s ]
SQL: SHOW COLUMNS FROM `x_auth_group_access` [ RunTime:0.0020s ]
SQL: SELECT `uid`,`group_id`,`title`,`rules` FROM x_auth_group_access a INNER JOIN x_auth_group g on a.group_id=g.id  WHERE ( a.uid='1' and g.status='1' )  [ RunTime:0.0010s ]
SQL: SHOW COLUMNS FROM `x_auth_rule` [ RunTime:0.0010s ]
SQL: SELECT `condition`,`name` FROM `x_auth_rule` WHERE `id` IN ('2','3','4','5','6','7','8','9','1','13','10','11','12','14','15','16','17','18','19','42','20','21','22','23','24','25','26','27','28','29','30','31','32','33','34','35','36','37','38','39','40','41') AND `type` = 1 AND `status` = 1  [ RunTime:0.0010s ]
NOTIC: [8] Undefined index: register E:\wamp\www\xiaohuanxiong\Application\Runtime\Cache\Admin\34badcb55e8666639c6245000a9a406b.php 第 254 行.
NOTIC: [8] Undefined index: invite E:\wamp\www\xiaohuanxiong\Application\Runtime\Cache\Admin\34badcb55e8666639c6245000a9a406b.php 第 261 行.
NOTIC: [8] Undefined index: sign E:\wamp\www\xiaohuanxiong\Application\Runtime\Cache\Admin\34badcb55e8666639c6245000a9a406b.php 第 268 行.
NOTIC: [8] Undefined index: share E:\wamp\www\xiaohuanxiong\Application\Runtime\Cache\Admin\34badcb55e8666639c6245000a9a406b.php 第 282 行.
NOTIC: [8] Undefined index: maxshare E:\wamp\www\xiaohuanxiong\Application\Runtime\Cache\Admin\34badcb55e8666639c6245000a9a406b.php 第 286 行.
NOTIC: [8] Undefined index: comment E:\wamp\www\xiaohuanxiong\Application\Runtime\Cache\Admin\34badcb55e8666639c6245000a9a406b.php 第 293 行.
NOTIC: [8] Undefined index: birthday E:\wamp\www\xiaohuanxiong\Application\Runtime\Cache\Admin\34badcb55e8666639c6245000a9a406b.php 第 300 行.
NOTIC: [8] Undefined variable: token E:\wamp\www\xiaohuanxiong\Application\Runtime\Cache\Admin\34badcb55e8666639c6245000a9a406b.php 第 423 行.
NOTIC: [8] Undefined variable: token E:\wamp\www\xiaohuanxiong\Application\Runtime\Cache\Admin\34badcb55e8666639c6245000a9a406b.php 第 426 行.
INFO: Run Behavior\ParseTemplateBehavior [ RunTime:0.043002s ]
INFO: [ view_parse ] --END-- [ RunTime:0.043002s ]
INFO: [ view_filter ] --START--
INFO: Run Behavior\WriteHtmlCacheBehavior [ RunTime:0.001000s ]
INFO: [ view_filter ] --END-- [ RunTime:0.001000s ]
INFO: [ app_end ] --START--
INFO: Run Behavior\ShowPageTraceBehavior [ RunTime:0.001000s ]
INFO: [ app_end ] --END-- [ RunTime:0.001000s ]

[ 2018-06-28T13:56:14+08:00 ] 127.0.0.1 /admin.php?m=Admin&c=Cache&a=set
INFO: [ app_init ] --START--
INFO: Run Behavior\BuildLiteBehavior [ RunTime:0.000000s ]
INFO: [ app_init ] --END-- [ RunTime:0.001000s ]
INFO: [ app_begin ] --START--
INFO: Run Behavior\ReadHtmlCacheBehavior [ RunTime:0.001000s ]
INFO: [ app_begin ] --END-- [ RunTime:0.002000s ]
SQL: SHOW COLUMNS FROM `x_admin` [ RunTime:0.0010s ]
SQL: SELECT * FROM `x_admin` WHERE `id` = 1 LIMIT 1   [ RunTime:0.0010s ]
SQL: SHOW COLUMNS FROM `x_auth_group` [ RunTime:0.0010s ]
SQL: SELECT * FROM `x_auth_group` WHERE `id` = 0 LIMIT 1   [ RunTime:0.0000s ]
NOTIC: [8] Indirect modification of overloaded property Admin\Controller\CacheController::$admin has no effect E:\wamp\www\xiaohuanxiong\Application\Admin\Controller\AdminController.class.php 第 18 行.
INFO: [ view_parse ] --START--
INFO: [ template_filter ] --START--
INFO: Run Behavior\ContentReplaceBehavior [ RunTime:0.000000s ]
INFO: [ template_filter ] --END-- [ RunTime:0.000000s ]
SQL: SHOW COLUMNS FROM `x_auth_group_access` [ RunTime:0.0020s ]
SQL: SELECT `uid`,`group_id`,`title`,`rules` FROM x_auth_group_access a INNER JOIN x_auth_group g on a.group_id=g.id  WHERE ( a.uid='1' and g.status='1' )  [ RunTime:0.0000s ]
SQL: SHOW COLUMNS FROM `x_auth_rule` [ RunTime:0.0020s ]
SQL: SELECT `condition`,`name` FROM `x_auth_rule` WHERE `id` IN ('2','3','4','5','6','7','8','9','1','13','10','11','12','14','15','16','17','18','19','42','20','21','22','23','24','25','26','27','28','29','30','31','32','33','34','35','36','37','38','39','40','41') AND `type` = 1 AND `status` = 1  [ RunTime:0.0010s ]
NOTIC: [8] Undefined index: register E:\wamp\www\xiaohuanxiong\Application\Runtime\Cache\Admin\34badcb55e8666639c6245000a9a406b.php 第 254 行.
NOTIC: [8] Undefined index: invite E:\wamp\www\xiaohuanxiong\Application\Runtime\Cache\Admin\34badcb55e8666639c6245000a9a406b.php 第 261 行.
NOTIC: [8] Undefined index: sign E:\wamp\www\xiaohuanxiong\Application\Runtime\Cache\Admin\34badcb55e8666639c6245000a9a406b.php 第 268 行.
NOTIC: [8] Undefined index: share E:\wamp\www\xiaohuanxiong\Application\Runtime\Cache\Admin\34badcb55e8666639c6245000a9a406b.php 第 282 行.
NOTIC: [8] Undefined index: maxshare E:\wamp\www\xiaohuanxiong\Application\Runtime\Cache\Admin\34badcb55e8666639c6245000a9a406b.php 第 286 行.
NOTIC: [8] Undefined index: comment E:\wamp\www\xiaohuanxiong\Application\Runtime\Cache\Admin\34badcb55e8666639c6245000a9a406b.php 第 293 行.
NOTIC: [8] Undefined index: maxComent E:\wamp\www\xiaohuanxiong\Application\Runtime\Cache\Admin\34badcb55e8666639c6245000a9a406b.php 第 297 行.
NOTIC: [8] Undefined index: birthday E:\wamp\www\xiaohuanxiong\Application\Runtime\Cache\Admin\34badcb55e8666639c6245000a9a406b.php 第 304 行.
NOTIC: [8] Undefined variable: token E:\wamp\www\xiaohuanxiong\Application\Runtime\Cache\Admin\34badcb55e8666639c6245000a9a406b.php 第 427 行.
NOTIC: [8] Undefined variable: token E:\wamp\www\xiaohuanxiong\Application\Runtime\Cache\Admin\34badcb55e8666639c6245000a9a406b.php 第 430 行.
INFO: Run Behavior\ParseTemplateBehavior [ RunTime:0.044002s ]
INFO: [ view_parse ] --END-- [ RunTime:0.044002s ]
INFO: [ view_filter ] --START--
INFO: Run Behavior\WriteHtmlCacheBehavior [ RunTime:0.001000s ]
INFO: [ view_filter ] --END-- [ RunTime:0.001000s ]
INFO: [ app_end ] --START--
INFO: Run Behavior\ShowPageTraceBehavior [ RunTime:0.001000s ]
INFO: [ app_end ] --END-- [ RunTime:0.001000s ]

[ 2018-06-28T14:00:55+08:00 ] 127.0.0.1 /admin.php?m=Admin&c=Cache&a=set
INFO: [ app_init ] --START--
INFO: Run Behavior\BuildLiteBehavior [ RunTime:0.000000s ]
INFO: [ app_init ] --END-- [ RunTime:0.001000s ]
INFO: [ app_begin ] --START--
INFO: Run Behavior\ReadHtmlCacheBehavior [ RunTime:0.001001s ]
INFO: [ app_begin ] --END-- [ RunTime:0.001001s ]
SQL: SHOW COLUMNS FROM `x_admin` [ RunTime:0.0020s ]
SQL: SELECT * FROM `x_admin` WHERE `id` = 1 LIMIT 1   [ RunTime:0.0010s ]
SQL: SHOW COLUMNS FROM `x_auth_group` [ RunTime:0.0010s ]
SQL: SELECT * FROM `x_auth_group` WHERE `id` = 0 LIMIT 1   [ RunTime:0.0000s ]
NOTIC: [8] Indirect modification of overloaded property Admin\Controller\CacheController::$admin has no effect E:\wamp\www\xiaohuanxiong\Application\Admin\Controller\AdminController.class.php 第 18 行.
INFO: [ view_parse ] --START--
INFO: [ template_filter ] --START--
INFO: Run Behavior\ContentReplaceBehavior [ RunTime:0.000000s ]
INFO: [ template_filter ] --END-- [ RunTime:0.000000s ]
SQL: SHOW COLUMNS FROM `x_auth_group_access` [ RunTime:0.0030s ]
SQL: SELECT `uid`,`group_id`,`title`,`rules` FROM x_auth_group_access a INNER JOIN x_auth_group g on a.group_id=g.id  WHERE ( a.uid='1' and g.status='1' )  [ RunTime:0.0010s ]
SQL: SHOW COLUMNS FROM `x_auth_rule` [ RunTime:0.0010s ]
SQL: SELECT `condition`,`name` FROM `x_auth_rule` WHERE `id` IN ('2','3','4','5','6','7','8','9','1','13','10','11','12','14','15','16','17','18','19','42','20','21','22','23','24','25','26','27','28','29','30','31','32','33','34','35','36','37','38','39','40','41') AND `type` = 1 AND `status` = 1  [ RunTime:0.0010s ]
NOTIC: [8] Undefined index: register E:\wamp\www\xiaohuanxiong\Application\Runtime\Cache\Admin\34badcb55e8666639c6245000a9a406b.php 第 254 行.
NOTIC: [8] Undefined index: invite E:\wamp\www\xiaohuanxiong\Application\Runtime\Cache\Admin\34badcb55e8666639c6245000a9a406b.php 第 261 行.
NOTIC: [8] Undefined index: sign E:\wamp\www\xiaohuanxiong\Application\Runtime\Cache\Admin\34badcb55e8666639c6245000a9a406b.php 第 268 行.
NOTIC: [8] Undefined index: share E:\wamp\www\xiaohuanxiong\Application\Runtime\Cache\Admin\34badcb55e8666639c6245000a9a406b.php 第 282 行.
NOTIC: [8] Undefined index: maxshare E:\wamp\www\xiaohuanxiong\Application\Runtime\Cache\Admin\34badcb55e8666639c6245000a9a406b.php 第 286 行.
NOTIC: [8] Undefined index: comment E:\wamp\www\xiaohuanxiong\Application\Runtime\Cache\Admin\34badcb55e8666639c6245000a9a406b.php 第 293 行.
NOTIC: [8] Undefined index: maxComent E:\wamp\www\xiaohuanxiong\Application\Runtime\Cache\Admin\34badcb55e8666639c6245000a9a406b.php 第 297 行.
NOTIC: [8] Undefined index: birth E:\wamp\www\xiaohuanxiong\Application\Runtime\Cache\Admin\34badcb55e8666639c6245000a9a406b.php 第 304 行.
NOTIC: [8] Undefined variable: token E:\wamp\www\xiaohuanxiong\Application\Runtime\Cache\Admin\34badcb55e8666639c6245000a9a406b.php 第 427 行.
NOTIC: [8] Undefined variable: token E:\wamp\www\xiaohuanxiong\Application\Runtime\Cache\Admin\34badcb55e8666639c6245000a9a406b.php 第 430 行.
INFO: Run Behavior\ParseTemplateBehavior [ RunTime:0.045002s ]
INFO: [ view_parse ] --END-- [ RunTime:0.045002s ]
INFO: [ view_filter ] --START--
INFO: Run Behavior\WriteHtmlCacheBehavior [ RunTime:0.001000s ]
INFO: [ view_filter ] --END-- [ RunTime:0.001000s ]
INFO: [ app_end ] --START--
INFO: Run Behavior\ShowPageTraceBehavior [ RunTime:0.001000s ]
INFO: [ app_end ] --END-- [ RunTime:0.001000s ]

[ 2018-06-28T14:01:42+08:00 ] 127.0.0.1 /admin.php?m=Admin&c=Cache&a=set
INFO: [ app_init ] --START--
INFO: Run Behavior\BuildLiteBehavior [ RunTime:0.000000s ]
INFO: [ app_init ] --END-- [ RunTime:0.001000s ]
INFO: [ app_begin ] --START--
INFO: Run Behavior\ReadHtmlCacheBehavior [ RunTime:0.001000s ]
INFO: [ app_begin ] --END-- [ RunTime:0.002000s ]
SQL: SHOW COLUMNS FROM `x_admin` [ RunTime:0.0010s ]
SQL: SELECT * FROM `x_admin` WHERE `id` = 1 LIMIT 1   [ RunTime:0.0000s ]
SQL: SHOW COLUMNS FROM `x_auth_group` [ RunTime:0.0000s ]
SQL: SELECT * FROM `x_auth_group` WHERE `id` = 0 LIMIT 1   [ RunTime:0.0000s ]
NOTIC: [8] Indirect modification of overloaded property Admin\Controller\CacheController::$admin has no effect E:\wamp\www\xiaohuanxiong\Application\Admin\Controller\AdminController.class.php 第 18 行.
INFO: [ view_parse ] --START--
INFO: [ template_filter ] --START--
INFO: Run Behavior\ContentReplaceBehavior [ RunTime:0.000000s ]
INFO: [ template_filter ] --END-- [ RunTime:0.000000s ]
INFO: Run Behavior\ParseTemplateBehavior [ RunTime:0.009000s ]
INFO: [ view_parse ] --END-- [ RunTime:0.009000s ]
INFO: [ view_filter ] --START--
INFO: Run Behavior\WriteHtmlCacheBehavior [ RunTime:0.000000s ]
INFO: [ view_filter ] --END-- [ RunTime:0.000000s ]
INFO: [ app_end ] --START--
INFO: Run Behavior\ShowPageTraceBehavior [ RunTime:0.000000s ]
INFO: [ app_end ] --END-- [ RunTime:0.002000s ]

[ 2018-06-28T14:01:43+08:00 ] 127.0.0.1 /admin.php?m=Admin&c=Cache&a=set
INFO: [ app_init ] --START--
INFO: Run Behavior\BuildLiteBehavior [ RunTime:0.000000s ]
INFO: [ app_init ] --END-- [ RunTime:0.001000s ]
INFO: [ app_begin ] --START--
INFO: Run Behavior\ReadHtmlCacheBehavior [ RunTime:0.001000s ]
INFO: [ app_begin ] --END-- [ RunTime:0.001000s ]
SQL: SHOW COLUMNS FROM `x_admin` [ RunTime:0.0010s ]
SQL: SELECT * FROM `x_admin` WHERE `id` = 1 LIMIT 1   [ RunTime:0.0000s ]
SQL: SHOW COLUMNS FROM `x_auth_group` [ RunTime:0.0010s ]
SQL: SELECT * FROM `x_auth_group` WHERE `id` = 0 LIMIT 1   [ RunTime:0.0010s ]
NOTIC: [8] Indirect modification of overloaded property Admin\Controller\CacheController::$admin has no effect E:\wamp\www\xiaohuanxiong\Application\Admin\Controller\AdminController.class.php 第 18 行.
INFO: [ view_parse ] --START--
INFO: [ template_filter ] --START--
INFO: Run Behavior\ContentReplaceBehavior [ RunTime:0.000000s ]
INFO: [ template_filter ] --END-- [ RunTime:0.000000s ]
SQL: SHOW COLUMNS FROM `x_auth_group_access` [ RunTime:0.0030s ]
SQL: SELECT `uid`,`group_id`,`title`,`rules` FROM x_auth_group_access a INNER JOIN x_auth_group g on a.group_id=g.id  WHERE ( a.uid='1' and g.status='1' )  [ RunTime:0.0000s ]
SQL: SHOW COLUMNS FROM `x_auth_rule` [ RunTime:0.0010s ]
SQL: SELECT `condition`,`name` FROM `x_auth_rule` WHERE `id` IN ('2','3','4','5','6','7','8','9','1','13','10','11','12','14','15','16','17','18','19','42','20','21','22','23','24','25','26','27','28','29','30','31','32','33','34','35','36','37','38','39','40','41') AND `type` = 1 AND `status` = 1  [ RunTime:0.0010s ]
NOTIC: [8] Undefined index: maxshare E:\wamp\www\xiaohuanxiong\Application\Runtime\Cache\Admin\34badcb55e8666639c6245000a9a406b.php 第 286 行.
NOTIC: [8] Undefined index: maxComent E:\wamp\www\xiaohuanxiong\Application\Runtime\Cache\Admin\34badcb55e8666639c6245000a9a406b.php 第 297 行.
NOTIC: [8] Undefined variable: token E:\wamp\www\xiaohuanxiong\Application\Runtime\Cache\Admin\34badcb55e8666639c6245000a9a406b.php 第 427 行.
NOTIC: [8] Undefined variable: token E:\wamp\www\xiaohuanxiong\Application\Runtime\Cache\Admin\34badcb55e8666639c6245000a9a406b.php 第 430 行.
INFO: Run Behavior\ParseTemplateBehavior [ RunTime:0.044002s ]
INFO: [ view_parse ] --END-- [ RunTime:0.044002s ]
INFO: [ view_filter ] --START--
INFO: Run Behavior\WriteHtmlCacheBehavior [ RunTime:0.001000s ]
INFO: [ view_filter ] --END-- [ RunTime:0.001000s ]
INFO: [ app_end ] --START--
INFO: Run Behavior\ShowPageTraceBehavior [ RunTime:0.001000s ]
INFO: [ app_end ] --END-- [ RunTime:0.001000s ]

[ 2018-06-28T14:02:06+08:00 ] 127.0.0.1 /admin.php?m=Admin&c=Cache&a=set
INFO: [ app_init ] --START--
INFO: Run Behavior\BuildLiteBehavior [ RunTime:0.000000s ]
INFO: [ app_init ] --END-- [ RunTime:0.001000s ]
INFO: [ app_begin ] --START--
INFO: Run Behavior\ReadHtmlCacheBehavior [ RunTime:0.001000s ]
INFO: [ app_begin ] --END-- [ RunTime:0.002000s ]
SQL: SHOW COLUMNS FROM `x_admin` [ RunTime:0.0010s ]
SQL: SELECT * FROM `x_admin` WHERE `id` = 1 LIMIT 1   [ RunTime:0.0000s ]
SQL: SHOW COLUMNS FROM `x_auth_group` [ RunTime:0.0010s ]
SQL: SELECT * FROM `x_auth_group` WHERE `id` = 0 LIMIT 1   [ RunTime:0.0000s ]
NOTIC: [8] Indirect modification of overloaded property Admin\Controller\CacheController::$admin has no effect E:\wamp\www\xiaohuanxiong\Application\Admin\Controller\AdminController.class.php 第 18 行.
INFO: [ view_parse ] --START--
INFO: [ template_filter ] --START--
INFO: Run Behavior\ContentReplaceBehavior [ RunTime:0.000000s ]
INFO: [ template_filter ] --END-- [ RunTime:0.000000s ]
SQL: SHOW COLUMNS FROM `x_auth_group_access` [ RunTime:0.0020s ]
SQL: SELECT `uid`,`group_id`,`title`,`rules` FROM x_auth_group_access a INNER JOIN x_auth_group g on a.group_id=g.id  WHERE ( a.uid='1' and g.status='1' )  [ RunTime:0.0000s ]
SQL: SHOW COLUMNS FROM `x_auth_rule` [ RunTime:0.0010s ]
SQL: SELECT `condition`,`name` FROM `x_auth_rule` WHERE `id` IN ('2','3','4','5','6','7','8','9','1','13','10','11','12','14','15','16','17','18','19','42','20','21','22','23','24','25','26','27','28','29','30','31','32','33','34','35','36','37','38','39','40','41') AND `type` = 1 AND `status` = 1  [ RunTime:0.0000s ]
NOTIC: [8] Undefined index: maxshare E:\wamp\www\xiaohuanxiong\Application\Runtime\Cache\Admin\34badcb55e8666639c6245000a9a406b.php 第 279 行.
NOTIC: [8] Undefined index: maxComent E:\wamp\www\xiaohuanxiong\Application\Runtime\Cache\Admin\34badcb55e8666639c6245000a9a406b.php 第 290 行.
NOTIC: [8] Undefined variable: token E:\wamp\www\xiaohuanxiong\Application\Runtime\Cache\Admin\34badcb55e8666639c6245000a9a406b.php 第 420 行.
NOTIC: [8] Undefined variable: token E:\wamp\www\xiaohuanxiong\Application\Runtime\Cache\Admin\34badcb55e8666639c6245000a9a406b.php 第 423 行.
INFO: Run Behavior\ParseTemplateBehavior [ RunTime:0.046002s ]
INFO: [ view_parse ] --END-- [ RunTime:0.046002s ]
INFO: [ view_filter ] --START--
INFO: Run Behavior\WriteHtmlCacheBehavior [ RunTime:0.001000s ]
INFO: [ view_filter ] --END-- [ RunTime:0.001000s ]
INFO: [ app_end ] --START--
INFO: Run Behavior\ShowPageTraceBehavior [ RunTime:0.001000s ]
INFO: [ app_end ] --END-- [ RunTime:0.001000s ]

[ 2018-06-28T14:02:07+08:00 ] 127.0.0.1 /admin.php?m=Admin&c=Cache&a=set
INFO: [ app_init ] --START--
INFO: Run Behavior\BuildLiteBehavior [ RunTime:0.000000s ]
INFO: [ app_init ] --END-- [ RunTime:0.001000s ]
INFO: [ app_begin ] --START--
INFO: Run Behavior\ReadHtmlCacheBehavior [ RunTime:0.001000s ]
INFO: [ app_begin ] --END-- [ RunTime:0.001000s ]
SQL: SHOW COLUMNS FROM `x_admin` [ RunTime:0.0020s ]
SQL: SELECT * FROM `x_admin` WHERE `id` = 1 LIMIT 1   [ RunTime:0.0010s ]
SQL: SHOW COLUMNS FROM `x_auth_group` [ RunTime:0.0010s ]
SQL: SELECT * FROM `x_auth_group` WHERE `id` = 0 LIMIT 1   [ RunTime:0.0000s ]
NOTIC: [8] Indirect modification of overloaded property Admin\Controller\CacheController::$admin has no effect E:\wamp\www\xiaohuanxiong\Application\Admin\Controller\AdminController.class.php 第 18 行.
INFO: [ view_parse ] --START--
INFO: [ template_filter ] --START--
INFO: Run Behavior\ContentReplaceBehavior [ RunTime:0.000000s ]
INFO: [ template_filter ] --END-- [ RunTime:0.000000s ]
SQL: SHOW COLUMNS FROM `x_auth_group_access` [ RunTime:0.0030s ]
SQL: SELECT `uid`,`group_id`,`title`,`rules` FROM x_auth_group_access a INNER JOIN x_auth_group g on a.group_id=g.id  WHERE ( a.uid='1' and g.status='1' )  [ RunTime:0.0000s ]
SQL: SHOW COLUMNS FROM `x_auth_rule` [ RunTime:0.0010s ]
SQL: SELECT `condition`,`name` FROM `x_auth_rule` WHERE `id` IN ('2','3','4','5','6','7','8','9','1','13','10','11','12','14','15','16','17','18','19','42','20','21','22','23','24','25','26','27','28','29','30','31','32','33','34','35','36','37','38','39','40','41') AND `type` = 1 AND `status` = 1  [ RunTime:0.0000s ]
NOTIC: [8] Undefined index: maxshare E:\wamp\www\xiaohuanxiong\Application\Runtime\Cache\Admin\34badcb55e8666639c6245000a9a406b.php 第 279 行.
NOTIC: [8] Undefined index: maxComent E:\wamp\www\xiaohuanxiong\Application\Runtime\Cache\Admin\34badcb55e8666639c6245000a9a406b.php 第 290 行.
NOTIC: [8] Undefined variable: token E:\wamp\www\xiaohuanxiong\Application\Runtime\Cache\Admin\34badcb55e8666639c6245000a9a406b.php 第 420 行.
NOTIC: [8] Undefined variable: token E:\wamp\www\xiaohuanxiong\Application\Runtime\Cache\Admin\34badcb55e8666639c6245000a9a406b.php 第 423 行.
INFO: Run Behavior\ParseTemplateBehavior [ RunTime:0.042002s ]
INFO: [ view_parse ] --END-- [ RunTime:0.043002s ]
INFO: [ view_filter ] --START--
INFO: Run Behavior\WriteHtmlCacheBehavior [ RunTime:0.000000s ]
INFO: [ view_filter ] --END-- [ RunTime:0.000000s ]
INFO: [ app_end ] --START--
INFO: Run Behavior\ShowPageTraceBehavior [ RunTime:0.001000s ]
INFO: [ app_end ] --END-- [ RunTime:0.001000s ]

[ 2018-06-28T14:02:12+08:00 ] 127.0.0.1 /admin.php?m=Admin&c=Cache&a=set
INFO: [ app_init ] --START--
INFO: Run Behavior\BuildLiteBehavior [ RunTime:0.000000s ]
INFO: [ app_init ] --END-- [ RunTime:0.001000s ]
INFO: [ app_begin ] --START--
INFO: Run Behavior\ReadHtmlCacheBehavior [ RunTime:0.001000s ]
INFO: [ app_begin ] --END-- [ RunTime:0.001000s ]
SQL: SHOW COLUMNS FROM `x_admin` [ RunTime:0.0000s ]
SQL: SELECT * FROM `x_admin` WHERE `id` = 1 LIMIT 1   [ RunTime:0.0000s ]
SQL: SHOW COLUMNS FROM `x_auth_group` [ RunTime:0.0010s ]
SQL: SELECT * FROM `x_auth_group` WHERE `id` = 0 LIMIT 1   [ RunTime:0.0010s ]
NOTIC: [8] Indirect modification of overloaded property Admin\Controller\CacheController::$admin has no effect E:\wamp\www\xiaohuanxiong\Application\Admin\Controller\AdminController.class.php 第 18 行.
INFO: [ view_parse ] --START--
INFO: [ template_filter ] --START--
INFO: Run Behavior\ContentReplaceBehavior [ RunTime:0.000000s ]
INFO: [ template_filter ] --END-- [ RunTime:0.000000s ]
SQL: SHOW COLUMNS FROM `x_auth_group_access` [ RunTime:0.0020s ]
SQL: SELECT `uid`,`group_id`,`title`,`rules` FROM x_auth_group_access a INNER JOIN x_auth_group g on a.group_id=g.id  WHERE ( a.uid='1' and g.status='1' )  [ RunTime:0.0000s ]
SQL: SHOW COLUMNS FROM `x_auth_rule` [ RunTime:0.0010s ]
SQL: SELECT `condition`,`name` FROM `x_auth_rule` WHERE `id` IN ('2','3','4','5','6','7','8','9','1','13','10','11','12','14','15','16','17','18','19','42','20','21','22','23','24','25','26','27','28','29','30','31','32','33','34','35','36','37','38','39','40','41') AND `type` = 1 AND `status` = 1  [ RunTime:0.0000s ]
NOTIC: [8] Undefined index: maxshare E:\wamp\www\xiaohuanxiong\Application\Runtime\Cache\Admin\34badcb55e8666639c6245000a9a406b.php 第 279 行.
NOTIC: [8] Undefined index: maxComent E:\wamp\www\xiaohuanxiong\Application\Runtime\Cache\Admin\34badcb55e8666639c6245000a9a406b.php 第 290 行.
NOTIC: [8] Undefined variable: token E:\wamp\www\xiaohuanxiong\Application\Runtime\Cache\Admin\34badcb55e8666639c6245000a9a406b.php 第 420 行.
NOTIC: [8] Undefined variable: token E:\wamp\www\xiaohuanxiong\Application\Runtime\Cache\Admin\34badcb55e8666639c6245000a9a406b.php 第 423 行.
INFO: Run Behavior\ParseTemplateBehavior [ RunTime:0.043003s ]
INFO: [ view_parse ] --END-- [ RunTime:0.043003s ]
INFO: [ view_filter ] --START--
INFO: Run Behavior\WriteHtmlCacheBehavior [ RunTime:0.001000s ]
INFO: [ view_filter ] --END-- [ RunTime:0.001000s ]
INFO: [ app_end ] --START--
INFO: Run Behavior\ShowPageTraceBehavior [ RunTime:0.001000s ]
INFO: [ app_end ] --END-- [ RunTime:0.001000s ]

[ 2018-06-28T14:02:46+08:00 ] 127.0.0.1 /admin.php?m=Admin&c=Cache&a=set
INFO: [ app_init ] --START--
INFO: Run Behavior\BuildLiteBehavior [ RunTime:0.000000s ]
INFO: [ app_init ] --END-- [ RunTime:0.001000s ]
INFO: [ app_begin ] --START--
INFO: Run Behavior\ReadHtmlCacheBehavior [ RunTime:0.001000s ]
INFO: [ app_begin ] --END-- [ RunTime:0.001000s ]
SQL: SHOW COLUMNS FROM `x_admin` [ RunTime:0.0010s ]
SQL: SELECT * FROM `x_admin` WHERE `id` = 1 LIMIT 1   [ RunTime:0.0000s ]
SQL: SHOW COLUMNS FROM `x_auth_group` [ RunTime:0.0000s ]
SQL: SELECT * FROM `x_auth_group` WHERE `id` = 0 LIMIT 1   [ RunTime:0.0000s ]
NOTIC: [8] Indirect modification of overloaded property Admin\Controller\CacheController::$admin has no effect E:\wamp\www\xiaohuanxiong\Application\Admin\Controller\AdminController.class.php 第 18 行.
INFO: [ view_parse ] --START--
INFO: [ template_filter ] --START--
INFO: Run Behavior\ContentReplaceBehavior [ RunTime:0.001001s ]
INFO: [ template_filter ] --END-- [ RunTime:0.001001s ]
SQL: SHOW COLUMNS FROM `x_auth_group_access` [ RunTime:0.0000s ]
SQL: SELECT `uid`,`group_id`,`title`,`rules` FROM x_auth_group_access a INNER JOIN x_auth_group g on a.group_id=g.id  WHERE ( a.uid='1' and g.status='1' )  [ RunTime:0.0000s ]
SQL: SHOW COLUMNS FROM `x_auth_rule` [ RunTime:0.0010s ]
SQL: SELECT `condition`,`name` FROM `x_auth_rule` WHERE `id` IN ('2','3','4','5','6','7','8','9','1','13','10','11','12','14','15','16','17','18','19','42','20','21','22','23','24','25','26','27','28','29','30','31','32','33','34','35','36','37','38','39','40','41') AND `type` = 1 AND `status` = 1  [ RunTime:0.0010s ]
NOTIC: [8] Undefined variable: token E:\wamp\www\xiaohuanxiong\Application\Runtime\Cache\Admin\34badcb55e8666639c6245000a9a406b.php 第 420 行.
NOTIC: [8] Undefined variable: token E:\wamp\www\xiaohuanxiong\Application\Runtime\Cache\Admin\34badcb55e8666639c6245000a9a406b.php 第 423 行.
INFO: Run Behavior\ParseTemplateBehavior [ RunTime:0.041002s ]
INFO: [ view_parse ] --END-- [ RunTime:0.041002s ]
INFO: [ view_filter ] --START--
INFO: Run Behavior\WriteHtmlCacheBehavior [ RunTime:0.001000s ]
INFO: [ view_filter ] --END-- [ RunTime:0.001000s ]
INFO: [ app_end ] --START--
INFO: Run Behavior\ShowPageTraceBehavior [ RunTime:0.000000s ]
INFO: [ app_end ] --END-- [ RunTime:0.001000s ]

[ 2018-06-28T14:41:16+08:00 ] 127.0.0.1 /admin.php?m=Admin&c=Cache&a=set
INFO: [ app_init ] --START--
INFO: Run Behavior\BuildLiteBehavior [ RunTime:0.000000s ]
INFO: [ app_init ] --END-- [ RunTime:0.001000s ]
INFO: [ app_begin ] --START--
INFO: Run Behavior\ReadHtmlCacheBehavior [ RunTime:0.001000s ]
INFO: [ app_begin ] --END-- [ RunTime:0.001000s ]
SQL: SHOW COLUMNS FROM `x_admin` [ RunTime:0.0010s ]
SQL: SELECT * FROM `x_admin` WHERE `id` = 1 LIMIT 1   [ RunTime:0.0000s ]
SQL: SHOW COLUMNS FROM `x_auth_group` [ RunTime:0.0010s ]
SQL: SELECT * FROM `x_auth_group` WHERE `id` = 0 LIMIT 1   [ RunTime:0.0000s ]
NOTIC: [8] Indirect modification of overloaded property Admin\Controller\CacheController::$admin has no effect E:\wamp\www\xiaohuanxiong\Application\Admin\Controller\AdminController.class.php 第 18 行.
INFO: [ view_parse ] --START--
INFO: [ template_filter ] --START--
INFO: Run Behavior\ContentReplaceBehavior [ RunTime:0.000000s ]
INFO: [ template_filter ] --END-- [ RunTime:0.001000s ]
INFO: Run Behavior\ParseTemplateBehavior [ RunTime:0.009000s ]
INFO: [ view_parse ] --END-- [ RunTime:0.010000s ]
INFO: [ view_filter ] --START--
INFO: Run Behavior\WriteHtmlCacheBehavior [ RunTime:0.001000s ]
INFO: [ view_filter ] --END-- [ RunTime:0.001000s ]
INFO: [ app_end ] --START--
INFO: Run Behavior\ShowPageTraceBehavior [ RunTime:0.001000s ]
INFO: [ app_end ] --END-- [ RunTime:0.001000s ]

[ 2018-06-28T14:41:17+08:00 ] 127.0.0.1 /admin.php?m=Admin&c=Cache&a=set
INFO: [ app_init ] --START--
INFO: Run Behavior\BuildLiteBehavior [ RunTime:0.000000s ]
INFO: [ app_init ] --END-- [ RunTime:0.001000s ]
INFO: [ app_begin ] --START--
INFO: Run Behavior\ReadHtmlCacheBehavior [ RunTime:0.001000s ]
INFO: [ app_begin ] --END-- [ RunTime:0.001000s ]
SQL: SHOW COLUMNS FROM `x_admin` [ RunTime:0.0010s ]
SQL: SELECT * FROM `x_admin` WHERE `id` = 1 LIMIT 1   [ RunTime:0.0000s ]
SQL: SHOW COLUMNS FROM `x_auth_group` [ RunTime:0.0010s ]
SQL: SELECT * FROM `x_auth_group` WHERE `id` = 0 LIMIT 1   [ RunTime:0.0010s ]
NOTIC: [8] Indirect modification of overloaded property Admin\Controller\CacheController::$admin has no effect E:\wamp\www\xiaohuanxiong\Application\Admin\Controller\AdminController.class.php 第 18 行.
INFO: [ view_parse ] --START--
INFO: [ template_filter ] --START--
INFO: Run Behavior\ContentReplaceBehavior [ RunTime:0.001000s ]
INFO: [ template_filter ] --END-- [ RunTime:0.001000s ]
SQL: SHOW COLUMNS FROM `x_auth_group_access` [ RunTime:0.0020s ]
SQL: SELECT `uid`,`group_id`,`title`,`rules` FROM x_auth_group_access a INNER JOIN x_auth_group g on a.group_id=g.id  WHERE ( a.uid='1' and g.status='1' )  [ RunTime:0.0010s ]
SQL: SHOW COLUMNS FROM `x_auth_rule` [ RunTime:0.0010s ]
SQL: SELECT `condition`,`name` FROM `x_auth_rule` WHERE `id` IN ('2','3','4','5','6','7','8','9','1','13','10','11','12','14','15','16','17','18','19','42','20','21','22','23','24','25','26','27','28','29','30','31','32','33','34','35','36','37','38','39','40','41') AND `type` = 1 AND `status` = 1  [ RunTime:0.0000s ]
NOTIC: [8] Undefined variable: token E:\wamp\www\xiaohuanxiong\Application\Runtime\Cache\Admin\34badcb55e8666639c6245000a9a406b.php 第 420 行.
NOTIC: [8] Undefined variable: token E:\wamp\www\xiaohuanxiong\Application\Runtime\Cache\Admin\34badcb55e8666639c6245000a9a406b.php 第 423 行.
INFO: Run Behavior\ParseTemplateBehavior [ RunTime:0.044003s ]
INFO: [ view_parse ] --END-- [ RunTime:0.044003s ]
INFO: [ view_filter ] --START--
INFO: Run Behavior\WriteHtmlCacheBehavior [ RunTime:0.001000s ]
INFO: [ view_filter ] --END-- [ RunTime:0.001000s ]
INFO: [ app_end ] --START--
INFO: Run Behavior\ShowPageTraceBehavior [ RunTime:0.001000s ]
INFO: [ app_end ] --END-- [ RunTime:0.001000s ]

[ 2018-06-28T14:51:46+08:00 ] 127.0.0.1 /admin.php?m=Admin&c=Cache&a=set
INFO: [ app_init ] --START--
INFO: Run Behavior\BuildLiteBehavior [ RunTime:0.000000s ]
INFO: [ app_init ] --END-- [ RunTime:0.001000s ]
INFO: [ app_begin ] --START--
INFO: Run Behavior\ReadHtmlCacheBehavior [ RunTime:0.001000s ]
INFO: [ app_begin ] --END-- [ RunTime:0.001000s ]
SQL: SHOW COLUMNS FROM `x_admin` [ RunTime:0.0010s ]
SQL: SELECT * FROM `x_admin` WHERE `id` = 1 LIMIT 1   [ RunTime:0.0010s ]
SQL: SHOW COLUMNS FROM `x_auth_group` [ RunTime:0.0010s ]
SQL: SELECT * FROM `x_auth_group` WHERE `id` = 0 LIMIT 1   [ RunTime:0.0010s ]
NOTIC: [8] Indirect modification of overloaded property Admin\Controller\CacheController::$admin has no effect E:\wamp\www\xiaohuanxiong\Application\Admin\Controller\AdminController.class.php 第 18 行.
INFO: [ view_parse ] --START--
INFO: [ template_filter ] --START--
INFO: Run Behavior\ContentReplaceBehavior [ RunTime:0.000000s ]
INFO: [ template_filter ] --END-- [ RunTime:0.000000s ]
INFO: Run Behavior\ParseTemplateBehavior [ RunTime:0.010000s ]
INFO: [ view_parse ] --END-- [ RunTime:0.010000s ]
INFO: [ view_filter ] --START--
INFO: Run Behavior\WriteHtmlCacheBehavior [ RunTime:0.001000s ]
INFO: [ view_filter ] --END-- [ RunTime:0.001000s ]
INFO: [ app_end ] --START--
INFO: Run Behavior\ShowPageTraceBehavior [ RunTime:0.001000s ]
INFO: [ app_end ] --END-- [ RunTime:0.001000s ]

[ 2018-06-28T14:51:47+08:00 ] 127.0.0.1 /admin.php?m=Admin&c=Cache&a=set
INFO: [ app_init ] --START--
INFO: Run Behavior\BuildLiteBehavior [ RunTime:0.000000s ]
INFO: [ app_init ] --END-- [ RunTime:0.001000s ]
INFO: [ app_begin ] --START--
INFO: Run Behavior\ReadHtmlCacheBehavior [ RunTime:0.002000s ]
INFO: [ app_begin ] --END-- [ RunTime:0.002000s ]
SQL: SHOW COLUMNS FROM `x_admin` [ RunTime:0.0010s ]
SQL: SELECT * FROM `x_admin` WHERE `id` = 1 LIMIT 1   [ RunTime:0.0010s ]
SQL: SHOW COLUMNS FROM `x_auth_group` [ RunTime:0.0010s ]
SQL: SELECT * FROM `x_auth_group` WHERE `id` = 0 LIMIT 1   [ RunTime:0.0000s ]
NOTIC: [8] Indirect modification of overloaded property Admin\Controller\CacheController::$admin has no effect E:\wamp\www\xiaohuanxiong\Application\Admin\Controller\AdminController.class.php 第 18 行.
INFO: [ view_parse ] --START--
INFO: [ template_filter ] --START--
INFO: Run Behavior\ContentReplaceBehavior [ RunTime:0.000000s ]
INFO: [ template_filter ] --END-- [ RunTime:0.000000s ]
SQL: SHOW COLUMNS FROM `x_auth_group_access` [ RunTime:0.0030s ]
SQL: SELECT `uid`,`group_id`,`title`,`rules` FROM x_auth_group_access a INNER JOIN x_auth_group g on a.group_id=g.id  WHERE ( a.uid='1' and g.status='1' )  [ RunTime:0.0000s ]
SQL: SHOW COLUMNS FROM `x_auth_rule` [ RunTime:0.0010s ]
SQL: SELECT `condition`,`name` FROM `x_auth_rule` WHERE `id` IN ('2','3','4','5','6','7','8','9','1','13','10','11','12','14','15','16','17','18','19','42','20','21','22','23','24','25','26','27','28','29','30','31','32','33','34','35','36','37','38','39','40','41') AND `type` = 1 AND `status` = 1  [ RunTime:0.0000s ]
NOTIC: [8] Undefined variable: token E:\wamp\www\xiaohuanxiong\Application\Runtime\Cache\Admin\34badcb55e8666639c6245000a9a406b.php 第 420 行.
NOTIC: [8] Undefined variable: token E:\wamp\www\xiaohuanxiong\Application\Runtime\Cache\Admin\34badcb55e8666639c6245000a9a406b.php 第 423 行.
INFO: Run Behavior\ParseTemplateBehavior [ RunTime:0.043003s ]
INFO: [ view_parse ] --END-- [ RunTime:0.044003s ]
INFO: [ view_filter ] --START--
INFO: Run Behavior\WriteHtmlCacheBehavior [ RunTime:0.001000s ]
INFO: [ view_filter ] --END-- [ RunTime:0.001000s ]
INFO: [ app_end ] --START--
INFO: Run Behavior\ShowPageTraceBehavior [ RunTime:0.001000s ]
INFO: [ app_end ] --END-- [ RunTime:0.001000s ]

[ 2018-06-28T16:14:39+08:00 ] 127.0.0.1 /admin.php?m=Admin&c=Cron&a=sendBirthScore
INFO: [ app_init ] --START--
INFO: Run Behavior\BuildLiteBehavior [ RunTime:0.001000s ]
INFO: [ app_init ] --END-- [ RunTime:0.001000s ]
INFO: [ app_begin ] --START--
INFO: Run Behavior\ReadHtmlCacheBehavior [ RunTime:0.001000s ]
INFO: [ app_begin ] --END-- [ RunTime:0.001000s ]
SQL: SHOW COLUMNS FROM `x_user` [ RunTime:0.0010s ]
SQL: SELECT * FROM `x_user` WHERE `birth_time` = 15350400 LIMIT 0,1000   [ RunTime:0.1240s ]
SQL: SHOW COLUMNS FROM `x_bounds_log` [ RunTime:0.0010s ]
SQL: INSERT INTO `x_bounds_log` (`openid`,`type`,`strawberry`,`create_time`,`is_increase`) VALUES ('oOd0H0ZkhdkibpJIudqd-ix063Zk','9','300','1530173678','1') [ RunTime:0.1350s ]
SQL: UPDATE `x_user` SET `strawberry`=strawberry-300 WHERE `openid` = 'oOd0H0ZkhdkibpJIudqd-ix063Zk' [ RunTime:0.0470s ]
SQL: SELECT * FROM `x_user` WHERE `birth_time` = 15350400 LIMIT 1000,1000   [ RunTime:0.1160s ]
INFO: [ app_end ] --START--
INFO: Run Behavior\ShowPageTraceBehavior [ RunTime:0.001000s ]
INFO: [ app_end ] --END-- [ RunTime:0.001000s ]

[ 2018-06-28T16:16:49+08:00 ] 127.0.0.1 /admin.php?m=Admin&c=Cron&a=sendBirthScore
INFO: [ app_init ] --START--
INFO: Run Behavior\BuildLiteBehavior [ RunTime:0.000000s ]
INFO: [ app_init ] --END-- [ RunTime:0.001000s ]
INFO: [ app_begin ] --START--
INFO: Run Behavior\ReadHtmlCacheBehavior [ RunTime:0.002000s ]
INFO: [ app_begin ] --END-- [ RunTime:0.002000s ]
SQL: SHOW COLUMNS FROM `x_user` [ RunTime:0.0020s ]
SQL: SELECT * FROM `x_user` WHERE `birth_time` = 15350400 LIMIT 0,1000   [ RunTime:0.1110s ]
SQL: SHOW COLUMNS FROM `x_bounds_log` [ RunTime:0.0020s ]
SQL: SELECT * FROM `x_user` WHERE `birth_time` = 15350400 LIMIT 1000,1000   [ RunTime:0.1090s ]
INFO: [ app_end ] --START--
INFO: Run Behavior\ShowPageTraceBehavior [ RunTime:0.001000s ]
INFO: [ app_end ] --END-- [ RunTime:0.001000s ]

[ 2018-06-28T16:16:51+08:00 ] 127.0.0.1 /admin.php?m=Admin&c=Cron&a=sendBirthScore
INFO: [ app_init ] --START--
INFO: Run Behavior\BuildLiteBehavior [ RunTime:0.000000s ]
INFO: [ app_init ] --END-- [ RunTime:0.001000s ]
INFO: [ app_begin ] --START--
INFO: Run Behavior\ReadHtmlCacheBehavior [ RunTime:0.000000s ]
INFO: [ app_begin ] --END-- [ RunTime:0.001000s ]
SQL: SHOW COLUMNS FROM `x_user` [ RunTime:0.0010s ]
SQL: SELECT * FROM `x_user` WHERE `birth_time` = 15350400 LIMIT 0,1000   [ RunTime:0.1120s ]
SQL: SHOW COLUMNS FROM `x_bounds_log` [ RunTime:0.0030s ]
SQL: SELECT * FROM `x_user` WHERE `birth_time` = 15350400 LIMIT 1000,1000   [ RunTime:0.1110s ]
INFO: [ app_end ] --START--
INFO: Run Behavior\ShowPageTraceBehavior [ RunTime:0.001000s ]
INFO: [ app_end ] --END-- [ RunTime:0.001000s ]

[ 2018-06-28T16:17:19+08:00 ] 127.0.0.1 /admin.php?m=Admin&c=Cron&a=sendBirthScore
INFO: [ app_init ] --START--
INFO: Run Behavior\BuildLiteBehavior [ RunTime:0.000000s ]
INFO: [ app_init ] --END-- [ RunTime:0.001000s ]
INFO: [ app_begin ] --START--
INFO: Run Behavior\ReadHtmlCacheBehavior [ RunTime:0.001000s ]
INFO: [ app_begin ] --END-- [ RunTime:0.001000s ]
SQL: SHOW COLUMNS FROM `x_user` [ RunTime:0.0010s ]
SQL: SELECT * FROM `x_user` WHERE `birth_time` = 15350400 LIMIT 0,1000   [ RunTime:0.1130s ]
SQL: SHOW COLUMNS FROM `x_bounds_log` [ RunTime:0.0020s ]
SQL: SELECT * FROM `x_user` WHERE `birth_time` = 15350400 LIMIT 1000,1000   [ RunTime:0.1100s ]
INFO: [ app_end ] --START--
INFO: Run Behavior\ShowPageTraceBehavior [ RunTime:0.001000s ]
INFO: [ app_end ] --END-- [ RunTime:0.002000s ]

[ 2018-06-28T17:02:27+08:00 ] 127.0.0.1 /admin.php?m=Admin&c=Cache&a=set
INFO: [ app_init ] --START--
INFO: Run Behavior\BuildLiteBehavior [ RunTime:0.000000s ]
INFO: [ app_init ] --END-- [ RunTime:0.001000s ]
INFO: [ app_begin ] --START--
INFO: Run Behavior\ReadHtmlCacheBehavior [ RunTime:0.001000s ]
INFO: [ app_begin ] --END-- [ RunTime:0.001000s ]

[ 2018-06-28T17:02:27+08:00 ] 127.0.0.1 /admin.php?m=Admin&c=Login&a=index
INFO: [ app_init ] --START--
INFO: Run Behavior\BuildLiteBehavior [ RunTime:0.000000s ]
INFO: [ app_init ] --END-- [ RunTime:0.001000s ]
INFO: [ app_begin ] --START--
INFO: Run Behavior\ReadHtmlCacheBehavior [ RunTime:0.001000s ]
INFO: [ app_begin ] --END-- [ RunTime:0.001000s ]
INFO: [ view_parse ] --START--
INFO: [ template_filter ] --START--
INFO: Run Behavior\ContentReplaceBehavior [ RunTime:0.000000s ]
INFO: [ template_filter ] --END-- [ RunTime:0.001000s ]
INFO: Run Behavior\ParseTemplateBehavior [ RunTime:0.028001s ]
INFO: [ view_parse ] --END-- [ RunTime:0.028001s ]
INFO: [ view_filter ] --START--
INFO: Run Behavior\WriteHtmlCacheBehavior [ RunTime:0.006001s ]
INFO: [ view_filter ] --END-- [ RunTime:0.006001s ]
INFO: [ app_end ] --START--
INFO: Run Behavior\ShowPageTraceBehavior [ RunTime:0.001000s ]
INFO: [ app_end ] --END-- [ RunTime:0.001000s ]

[ 2018-06-28T17:02:31+08:00 ] 127.0.0.1 /admin.php?m=Admin&c=Login&a=index
INFO: [ app_init ] --START--
INFO: Run Behavior\BuildLiteBehavior [ RunTime:0.000000s ]
INFO: [ app_init ] --END-- [ RunTime:0.001000s ]
INFO: [ app_begin ] --START--
INFO: Run Behavior\ReadHtmlCacheBehavior [ RunTime:0.001000s ]
INFO: [ app_begin ] --END-- [ RunTime:0.001000s ]
SQL: SHOW COLUMNS FROM `x_admin` [ RunTime:0.0010s ]
SQL: SELECT * FROM `x_admin` WHERE `name` = 'admin' LIMIT 1   [ RunTime:0.0010s ]
SQL: UPDATE `x_admin` SET `last_login_ip`='127.0.0.1',`last_login_time`='1530176551' WHERE `name` = 'admin' [ RunTime:0.0000s ]
INFO: [ view_parse ] --START--
INFO: [ template_filter ] --START--
INFO: Run Behavior\ContentReplaceBehavior [ RunTime:0.001000s ]
INFO: [ template_filter ] --END-- [ RunTime:0.001000s ]
INFO: Run Behavior\ParseTemplateBehavior [ RunTime:0.029001s ]
INFO: [ view_parse ] --END-- [ RunTime:0.029001s ]
INFO: [ view_filter ] --START--
INFO: Run Behavior\WriteHtmlCacheBehavior [ RunTime:0.001000s ]
INFO: [ view_filter ] --END-- [ RunTime:0.001000s ]
INFO: [ app_end ] --START--
INFO: Run Behavior\ShowPageTraceBehavior [ RunTime:0.001000s ]
INFO: [ app_end ] --END-- [ RunTime:0.001000s ]

[ 2018-06-28T17:02:32+08:00 ] 127.0.0.1 /admin.php?m=Admin&c=Index&a=index
INFO: [ app_init ] --START--
INFO: Run Behavior\BuildLiteBehavior [ RunTime:0.000000s ]
INFO: [ app_init ] --END-- [ RunTime:0.001000s ]
INFO: [ app_begin ] --START--
INFO: Run Behavior\ReadHtmlCacheBehavior [ RunTime:0.001000s ]
INFO: [ app_begin ] --END-- [ RunTime:0.002000s ]
SQL: SHOW COLUMNS FROM `x_admin` [ RunTime:0.0010s ]
SQL: SELECT * FROM `x_admin` WHERE `id` = 1 LIMIT 1   [ RunTime:0.0010s ]
SQL: SHOW COLUMNS FROM `x_auth_group` [ RunTime:0.0010s ]
SQL: SELECT * FROM `x_auth_group` WHERE `id` = 0 LIMIT 1   [ RunTime:0.0000s ]
NOTIC: [8] Indirect modification of overloaded property Admin\Controller\IndexController::$admin has no effect E:\wamp\www\xiaohuanxiong\Application\Admin\Controller\AdminController.class.php 第 18 行.
INFO: [ view_parse ] --START--
INFO: [ template_filter ] --START--
INFO: Run Behavior\ContentReplaceBehavior [ RunTime:0.000000s ]
INFO: [ template_filter ] --END-- [ RunTime:0.002000s ]
SQL: SHOW COLUMNS FROM `x_auth_group_access` [ RunTime:0.0010s ]
SQL: SELECT `uid`,`group_id`,`title`,`rules` FROM x_auth_group_access a INNER JOIN x_auth_group g on a.group_id=g.id  WHERE ( a.uid='1' and g.status='1' )  [ RunTime:0.0010s ]
SQL: SHOW COLUMNS FROM `x_auth_rule` [ RunTime:0.0010s ]
SQL: SELECT `condition`,`name` FROM `x_auth_rule` WHERE `id` IN ('2','3','4','5','6','7','8','9','1','13','10','11','12','14','15','16','17','18','19','42','20','21','22','23','24','25','26','27','28','29','30','31','32','33','34','35','36','37','38','39','40','41') AND `type` = 1 AND `status` = 1  [ RunTime:0.0010s ]
NOTIC: [8] Undefined variable: token E:\wamp\www\xiaohuanxiong\Application\Runtime\Cache\Admin\222175dcb33b4771668f24c7f484ba64.php 第 340 行.
NOTIC: [8] Undefined variable: token E:\wamp\www\xiaohuanxiong\Application\Runtime\Cache\Admin\222175dcb33b4771668f24c7f484ba64.php 第 343 行.
INFO: Run Behavior\ParseTemplateBehavior [ RunTime:0.126008s ]
INFO: [ view_parse ] --END-- [ RunTime:0.126008s ]
INFO: [ view_filter ] --START--
INFO: Run Behavior\WriteHtmlCacheBehavior [ RunTime:0.001000s ]
INFO: [ view_filter ] --END-- [ RunTime:0.001000s ]
INFO: [ app_end ] --START--
INFO: Run Behavior\ShowPageTraceBehavior [ RunTime:0.000000s ]
INFO: [ app_end ] --END-- [ RunTime:0.000000s ]

[ 2018-06-28T17:02:38+08:00 ] 127.0.0.1 /admin.php?m=Admin&c=Login&a=logout
INFO: [ app_init ] --START--
INFO: Run Behavior\BuildLiteBehavior [ RunTime:0.000000s ]
INFO: [ app_init ] --END-- [ RunTime:0.001000s ]
INFO: [ app_begin ] --START--
INFO: Run Behavior\ReadHtmlCacheBehavior [ RunTime:0.001000s ]
INFO: [ app_begin ] --END-- [ RunTime:0.001000s ]
INFO: [ view_parse ] --START--
INFO: [ template_filter ] --START--
INFO: Run Behavior\ContentReplaceBehavior [ RunTime:0.000000s ]
INFO: [ template_filter ] --END-- [ RunTime:0.000000s ]
INFO: Run Behavior\ParseTemplateBehavior [ RunTime:0.009001s ]
INFO: [ view_parse ] --END-- [ RunTime:0.010001s ]
INFO: [ view_filter ] --START--
INFO: Run Behavior\WriteHtmlCacheBehavior [ RunTime:0.001000s ]
INFO: [ view_filter ] --END-- [ RunTime:0.001000s ]
INFO: [ app_end ] --START--
INFO: Run Behavior\ShowPageTraceBehavior [ RunTime:0.001000s ]
INFO: [ app_end ] --END-- [ RunTime:0.001000s ]

[ 2018-06-28T17:02:40+08:00 ] 127.0.0.1 /admin.php?m=Admin&c=admin&a=index
INFO: [ app_init ] --START--
INFO: Run Behavior\BuildLiteBehavior [ RunTime:0.000000s ]
INFO: [ app_init ] --END-- [ RunTime:0.001000s ]
INFO: [ app_begin ] --START--
INFO: Run Behavior\ReadHtmlCacheBehavior [ RunTime:0.001000s ]
INFO: [ app_begin ] --END-- [ RunTime:0.001000s ]

[ 2018-06-28T17:02:40+08:00 ] 127.0.0.1 /admin.php?m=Admin&c=Login&a=index
INFO: [ app_init ] --START--
INFO: Run Behavior\BuildLiteBehavior [ RunTime:0.000000s ]
INFO: [ app_init ] --END-- [ RunTime:0.001000s ]
INFO: [ app_begin ] --START--
INFO: Run Behavior\ReadHtmlCacheBehavior [ RunTime:0.001000s ]
INFO: [ app_begin ] --END-- [ RunTime:0.001000s ]
INFO: [ view_parse ] --START--
INFO: [ template_filter ] --START--
INFO: Run Behavior\ContentReplaceBehavior [ RunTime:0.000000s ]
INFO: [ template_filter ] --END-- [ RunTime:0.000000s ]
INFO: Run Behavior\ParseTemplateBehavior [ RunTime:0.008001s ]
INFO: [ view_parse ] --END-- [ RunTime:0.008001s ]
INFO: [ view_filter ] --START--
INFO: Run Behavior\WriteHtmlCacheBehavior [ RunTime:0.001000s ]
INFO: [ view_filter ] --END-- [ RunTime:0.001000s ]
INFO: [ app_end ] --START--
INFO: Run Behavior\ShowPageTraceBehavior [ RunTime:0.001000s ]
INFO: [ app_end ] --END-- [ RunTime:0.001000s ]

[ 2018-06-28T17:02:50+08:00 ] 127.0.0.1 /admin.php?m=Admin&c=Cron&a=sendBirthScore
INFO: [ app_init ] --START--
INFO: Run Behavior\BuildLiteBehavior [ RunTime:0.000000s ]
INFO: [ app_init ] --END-- [ RunTime:0.001000s ]
INFO: [ app_begin ] --START--
INFO: Run Behavior\ReadHtmlCacheBehavior [ RunTime:0.001000s ]
INFO: [ app_begin ] --END-- [ RunTime:0.001000s ]
SQL: SHOW COLUMNS FROM `x_user` [ RunTime:0.0010s ]
SQL: SELECT * FROM `x_user` WHERE `birth_time` = 15350400 LIMIT 0,1000   [ RunTime:0.1110s ]
SQL: SHOW COLUMNS FROM `x_bounds_log` [ RunTime:0.0030s ]
SQL: SELECT * FROM `x_user` WHERE `birth_time` = 15350400 LIMIT 1000,1000   [ RunTime:0.1080s ]
INFO: [ app_end ] --START--
INFO: Run Behavior\ShowPageTraceBehavior [ RunTime:0.001000s ]
INFO: [ app_end ] --END-- [ RunTime:0.001000s ]

[ 2018-06-28T17:05:10+08:00 ] 127.0.0.1 /admin.php?m=Admin&c=Cron&a=sendBirthScore
INFO: [ app_init ] --START--
INFO: Run Behavior\BuildLiteBehavior [ RunTime:0.000000s ]
INFO: [ app_init ] --END-- [ RunTime:0.001000s ]
INFO: [ app_begin ] --START--
INFO: Run Behavior\ReadHtmlCacheBehavior [ RunTime:0.001000s ]
INFO: [ app_begin ] --END-- [ RunTime:0.001000s ]
SQL: SHOW COLUMNS FROM `x_user` [ RunTime:0.0010s ]
SQL: SELECT * FROM `x_user` WHERE `birth_time` = 15350400 LIMIT 0,1000   [ RunTime:0.1090s ]
SQL: SHOW COLUMNS FROM `x_bounds_log` [ RunTime:0.0010s ]
SQL: SELECT * FROM `x_user` WHERE `birth_time` = 15350400 LIMIT 1000,1000   [ RunTime:0.1070s ]
INFO: [ app_end ] --START--
INFO: Run Behavior\ShowPageTraceBehavior [ RunTime:0.001000s ]
INFO: [ app_end ] --END-- [ RunTime:0.001000s ]

