[ 2018-06-27T16:46:08+08:00 ] 127.0.0.1 /admin.php
INFO: [ app_init ] --START--
INFO: Run Behavior\BuildLiteBehavior [ RunTime:0.001000s ]
INFO: [ app_init ] --END-- [ RunTime:0.023001s ]
INFO: [ app_begin ] --START--
INFO: Run Behavior\ReadHtmlCacheBehavior [ RunTime:0.001000s ]
INFO: [ app_begin ] --END-- [ RunTime:0.001000s ]

[ 2018-06-27T16:46:08+08:00 ] 127.0.0.1 /admin.php?m=Admin&c=Login&a=index
INFO: [ app_init ] --START--
INFO: Run Behavior\BuildLiteBehavior [ RunTime:0.000000s ]
INFO: [ app_init ] --END-- [ RunTime:0.027002s ]
INFO: [ app_begin ] --START--
INFO: Run Behavior\ReadHtmlCacheBehavior [ RunTime:0.000000s ]
INFO: [ app_begin ] --END-- [ RunTime:0.002000s ]
INFO: [ view_parse ] --START--
INFO: [ template_filter ] --START--
INFO: Run Behavior\ContentReplaceBehavior [ RunTime:0.305017s ]
INFO: [ template_filter ] --END-- [ RunTime:0.305017s ]
INFO: Run Behavior\ParseTemplateBehavior [ RunTime:0.396022s ]
INFO: [ view_parse ] --END-- [ RunTime:0.397022s ]
INFO: [ view_filter ] --START--
INFO: Run Behavior\WriteHtmlCacheBehavior [ RunTime:0.101006s ]
INFO: [ view_filter ] --END-- [ RunTime:0.102006s ]
INFO: [ app_end ] --START--
INFO: Run Behavior\ShowPageTraceBehavior [ RunTime:0.057003s ]
INFO: [ app_end ] --END-- [ RunTime:0.057003s ]

[ 2018-06-27T16:46:09+08:00 ] 127.0.0.1 /admin.php
INFO: [ app_init ] --START--
INFO: Run Behavior\BuildLiteBehavior [ RunTime:0.001000s ]
INFO: [ app_init ] --END-- [ RunTime:0.001000s ]
INFO: [ app_begin ] --START--
INFO: Run Behavior\ReadHtmlCacheBehavior [ RunTime:0.001000s ]
INFO: [ app_begin ] --END-- [ RunTime:0.001000s ]

[ 2018-06-27T16:46:12+08:00 ] 127.0.0.1 /admin.php?m=Admin&c=Login&a=index
INFO: [ app_init ] --START--
INFO: Run Behavior\BuildLiteBehavior [ RunTime:0.000000s ]
INFO: [ app_init ] --END-- [ RunTime:0.001000s ]
INFO: [ app_begin ] --START--
INFO: Run Behavior\ReadHtmlCacheBehavior [ RunTime:0.001000s ]
INFO: [ app_begin ] --END-- [ RunTime:0.001000s ]
SQL: SHOW COLUMNS FROM `x_admin` [ RunTime:0.0290s ]
SQL: SELECT * FROM `x_admin` WHERE `name` = 'admin' LIMIT 1   [ RunTime:0.0010s ]
SQL: UPDATE `x_admin` SET `last_login_ip`='127.0.0.1',`last_login_time`='1530089172' WHERE `name` = 'admin' [ RunTime:0.0020s ]
INFO: [ view_parse ] --START--
INFO: [ template_filter ] --START--
INFO: Run Behavior\ContentReplaceBehavior [ RunTime:0.000000s ]
INFO: [ template_filter ] --END-- [ RunTime:0.001000s ]
INFO: Run Behavior\ParseTemplateBehavior [ RunTime:0.033002s ]
INFO: [ view_parse ] --END-- [ RunTime:0.033002s ]
INFO: [ view_filter ] --START--
INFO: Run Behavior\WriteHtmlCacheBehavior [ RunTime:0.002000s ]
INFO: [ view_filter ] --END-- [ RunTime:0.002000s ]
INFO: [ app_end ] --START--
INFO: Run Behavior\ShowPageTraceBehavior [ RunTime:0.001000s ]
INFO: [ app_end ] --END-- [ RunTime:0.001000s ]

[ 2018-06-27T16:46:13+08:00 ] 127.0.0.1 /admin.php?m=Admin&c=Index&a=index
INFO: [ app_init ] --START--
INFO: Run Behavior\BuildLiteBehavior [ RunTime:0.000000s ]
INFO: [ app_init ] --END-- [ RunTime:0.001000s ]
INFO: [ app_begin ] --START--
INFO: Run Behavior\ReadHtmlCacheBehavior [ RunTime:0.001000s ]
INFO: [ app_begin ] --END-- [ RunTime:0.002000s ]
SQL: SHOW COLUMNS FROM `x_admin` [ RunTime:0.0010s ]
SQL: SELECT * FROM `x_admin` WHERE `id` = 1 LIMIT 1   [ RunTime:0.0160s ]
SQL: SHOW COLUMNS FROM `x_auth_group` [ RunTime:0.0170s ]
SQL: SELECT * FROM `x_auth_group` WHERE `id` = 0 LIMIT 1   [ RunTime:0.0010s ]
NOTIC: [8] Indirect modification of overloaded property Admin\Controller\IndexController::$admin has no effect E:\wamp\www\xiaohuanxiong\Application\Admin\Controller\AdminController.class.php 第 18 行.
INFO: [ view_parse ] --START--
INFO: [ template_filter ] --START--
INFO: Run Behavior\ContentReplaceBehavior [ RunTime:0.001000s ]
INFO: [ template_filter ] --END-- [ RunTime:0.001000s ]
SQL: SHOW COLUMNS FROM `x_auth_group_access` [ RunTime:0.0260s ]
SQL: SELECT `uid`,`group_id`,`title`,`rules` FROM x_auth_group_access a INNER JOIN x_auth_group g on a.group_id=g.id  WHERE ( a.uid='1' and g.status='1' )  [ RunTime:0.0380s ]
SQL: SHOW COLUMNS FROM `x_auth_rule` [ RunTime:0.0100s ]
SQL: SELECT `condition`,`name` FROM `x_auth_rule` WHERE `id` IN ('2','3','4','5','6','7','8','9','1','13','10','11','12','14','15','16','17','18','19','42','20','21','22','23','24','25','26','27','28','29','30','31','32','33','34','35','36','37','38','39','40','41') AND `type` = 1 AND `status` = 1  [ RunTime:0.0240s ]
NOTIC: [8] Undefined variable: token E:\wamp\www\xiaohuanxiong\Application\Runtime\Cache\Admin\222175dcb33b4771668f24c7f484ba64.php 第 340 行.
NOTIC: [8] Undefined variable: token E:\wamp\www\xiaohuanxiong\Application\Runtime\Cache\Admin\222175dcb33b4771668f24c7f484ba64.php 第 343 行.
INFO: Run Behavior\ParseTemplateBehavior [ RunTime:0.238013s ]
INFO: [ view_parse ] --END-- [ RunTime:0.238013s ]
INFO: [ view_filter ] --START--
INFO: Run Behavior\WriteHtmlCacheBehavior [ RunTime:0.001000s ]
INFO: [ view_filter ] --END-- [ RunTime:0.001000s ]
INFO: [ app_end ] --START--
INFO: Run Behavior\ShowPageTraceBehavior [ RunTime:0.001001s ]
INFO: [ app_end ] --END-- [ RunTime:0.002001s ]

[ 2018-06-27T16:46:16+08:00 ] 127.0.0.1 /admin.php?m=Admin&c=User&a=index
INFO: [ app_init ] --START--
INFO: Run Behavior\BuildLiteBehavior [ RunTime:0.000000s ]
INFO: [ app_init ] --END-- [ RunTime:0.001000s ]
INFO: [ app_begin ] --START--
INFO: Run Behavior\ReadHtmlCacheBehavior [ RunTime:0.001000s ]
INFO: [ app_begin ] --END-- [ RunTime:0.002000s ]
SQL: SHOW COLUMNS FROM `x_admin` [ RunTime:0.0010s ]
SQL: SELECT * FROM `x_admin` WHERE `id` = 1 LIMIT 1   [ RunTime:0.0010s ]
SQL: SHOW COLUMNS FROM `x_auth_group` [ RunTime:0.0010s ]
SQL: SELECT * FROM `x_auth_group` WHERE `id` = 0 LIMIT 1   [ RunTime:0.0000s ]
NOTIC: [8] Indirect modification of overloaded property Admin\Controller\UserController::$admin has no effect E:\wamp\www\xiaohuanxiong\Application\Admin\Controller\AdminController.class.php 第 18 行.
SQL: SHOW COLUMNS FROM `x_user` [ RunTime:0.0020s ]
NOTIC: [8] Undefined variable: where E:\wamp\www\xiaohuanxiong\Application\Admin\Controller\UserController.class.php 第 15 行.
SQL: SELECT COUNT(*) AS tp_count FROM `x_user` LIMIT 1   [ RunTime:0.0590s ]
NOTIC: [8] Undefined variable: where E:\wamp\www\xiaohuanxiong\Application\Admin\Controller\UserController.class.php 第 20 行.
SQL: SELECT * FROM `x_user` ORDER BY id desc LIMIT 0,20   [ RunTime:0.0030s ]
SQL: SELECT COUNT(*) AS tp_count FROM `x_user` LIMIT 1   [ RunTime:0.0000s ]
SQL: SELECT COUNT(*) AS tp_count FROM `x_user` WHERE ( createtime>=1530028800 and createtime<1530089176 ) LIMIT 1   [ RunTime:0.1100s ]
INFO: [ view_parse ] --START--
INFO: [ template_filter ] --START--
INFO: Run Behavior\ContentReplaceBehavior [ RunTime:0.000000s ]
INFO: [ template_filter ] --END-- [ RunTime:0.000000s ]
SQL: SHOW COLUMNS FROM `x_auth_group_access` [ RunTime:0.0030s ]
SQL: SELECT `uid`,`group_id`,`title`,`rules` FROM x_auth_group_access a INNER JOIN x_auth_group g on a.group_id=g.id  WHERE ( a.uid='1' and g.status='1' )  [ RunTime:0.0010s ]
SQL: SHOW COLUMNS FROM `x_auth_rule` [ RunTime:0.0010s ]
SQL: SELECT `condition`,`name` FROM `x_auth_rule` WHERE `id` IN ('2','3','4','5','6','7','8','9','1','13','10','11','12','14','15','16','17','18','19','42','20','21','22','23','24','25','26','27','28','29','30','31','32','33','34','35','36','37','38','39','40','41') AND `type` = 1 AND `status` = 1  [ RunTime:0.0010s ]
NOTIC: [8] Undefined index: nickname E:\wamp\www\xiaohuanxiong\Application\Runtime\Cache\Admin\78e2d60dbd31edc7ff6a539bcd62cff4.php 第 260 行.
NOTIC: [8] Undefined index: is_special E:\wamp\www\xiaohuanxiong\Application\Runtime\Cache\Admin\78e2d60dbd31edc7ff6a539bcd62cff4.php 第 266 行.
NOTIC: [8] Undefined index: is_special E:\wamp\www\xiaohuanxiong\Application\Runtime\Cache\Admin\78e2d60dbd31edc7ff6a539bcd62cff4.php 第 267 行.
NOTIC: [8] Undefined variable: token E:\wamp\www\xiaohuanxiong\Application\Runtime\Cache\Admin\78e2d60dbd31edc7ff6a539bcd62cff4.php 第 440 行.
NOTIC: [8] Undefined variable: token E:\wamp\www\xiaohuanxiong\Application\Runtime\Cache\Admin\78e2d60dbd31edc7ff6a539bcd62cff4.php 第 443 行.
INFO: Run Behavior\ParseTemplateBehavior [ RunTime:0.044003s ]
INFO: [ view_parse ] --END-- [ RunTime:0.044003s ]
INFO: [ view_filter ] --START--
INFO: Run Behavior\WriteHtmlCacheBehavior [ RunTime:0.001000s ]
INFO: [ view_filter ] --END-- [ RunTime:0.001000s ]
INFO: [ app_end ] --START--
INFO: Run Behavior\ShowPageTraceBehavior [ RunTime:0.001000s ]
INFO: [ app_end ] --END-- [ RunTime:0.001000s ]

[ 2018-06-27T16:46:27+08:00 ] 127.0.0.1 /admin.php?m=Admin&c=User&a=index
INFO: [ app_init ] --START--
INFO: Run Behavior\BuildLiteBehavior [ RunTime:0.000000s ]
INFO: [ app_init ] --END-- [ RunTime:0.001000s ]
INFO: [ app_begin ] --START--
INFO: Run Behavior\ReadHtmlCacheBehavior [ RunTime:0.001000s ]
INFO: [ app_begin ] --END-- [ RunTime:0.001000s ]
SQL: SHOW COLUMNS FROM `x_admin` [ RunTime:0.0010s ]
SQL: SELECT * FROM `x_admin` WHERE `id` = 1 LIMIT 1   [ RunTime:0.0000s ]
SQL: SHOW COLUMNS FROM `x_auth_group` [ RunTime:0.0010s ]
SQL: SELECT * FROM `x_auth_group` WHERE `id` = 0 LIMIT 1   [ RunTime:0.0000s ]
NOTIC: [8] Indirect modification of overloaded property Admin\Controller\UserController::$admin has no effect E:\wamp\www\xiaohuanxiong\Application\Admin\Controller\AdminController.class.php 第 18 行.
SQL: SHOW COLUMNS FROM `x_user` [ RunTime:0.0010s ]
NOTIC: [8] Undefined variable: where E:\wamp\www\xiaohuanxiong\Application\Admin\Controller\UserController.class.php 第 15 行.
SQL: SELECT COUNT(*) AS tp_count FROM `x_user` LIMIT 1   [ RunTime:0.0000s ]
NOTIC: [8] Undefined variable: where E:\wamp\www\xiaohuanxiong\Application\Admin\Controller\UserController.class.php 第 20 行.
SQL: SELECT * FROM `x_user` ORDER BY id desc LIMIT 0,20   [ RunTime:0.0000s ]
SQL: SELECT COUNT(*) AS tp_count FROM `x_user` LIMIT 1   [ RunTime:0.0000s ]
SQL: SELECT COUNT(*) AS tp_count FROM `x_user` WHERE ( createtime>=1530028800 and createtime<1530089187 ) LIMIT 1   [ RunTime:0.0990s ]
INFO: [ view_parse ] --START--
INFO: [ template_filter ] --START--
INFO: Run Behavior\ContentReplaceBehavior [ RunTime:0.000000s ]
INFO: [ template_filter ] --END-- [ RunTime:0.000000s ]
SQL: SHOW COLUMNS FROM `x_auth_group_access` [ RunTime:0.0030s ]
SQL: SELECT `uid`,`group_id`,`title`,`rules` FROM x_auth_group_access a INNER JOIN x_auth_group g on a.group_id=g.id  WHERE ( a.uid='1' and g.status='1' )  [ RunTime:0.0000s ]
SQL: SHOW COLUMNS FROM `x_auth_rule` [ RunTime:0.0000s ]
SQL: SELECT `condition`,`name` FROM `x_auth_rule` WHERE `id` IN ('2','3','4','5','6','7','8','9','1','13','10','11','12','14','15','16','17','18','19','42','20','21','22','23','24','25','26','27','28','29','30','31','32','33','34','35','36','37','38','39','40','41') AND `type` = 1 AND `status` = 1  [ RunTime:0.0000s ]
NOTIC: [8] Undefined index: nickname E:\wamp\www\xiaohuanxiong\Application\Runtime\Cache\Admin\78e2d60dbd31edc7ff6a539bcd62cff4.php 第 260 行.
NOTIC: [8] Undefined index: is_special E:\wamp\www\xiaohuanxiong\Application\Runtime\Cache\Admin\78e2d60dbd31edc7ff6a539bcd62cff4.php 第 266 行.
NOTIC: [8] Undefined index: is_special E:\wamp\www\xiaohuanxiong\Application\Runtime\Cache\Admin\78e2d60dbd31edc7ff6a539bcd62cff4.php 第 267 行.
NOTIC: [8] Undefined variable: token E:\wamp\www\xiaohuanxiong\Application\Runtime\Cache\Admin\78e2d60dbd31edc7ff6a539bcd62cff4.php 第 440 行.
NOTIC: [8] Undefined variable: token E:\wamp\www\xiaohuanxiong\Application\Runtime\Cache\Admin\78e2d60dbd31edc7ff6a539bcd62cff4.php 第 443 行.
INFO: Run Behavior\ParseTemplateBehavior [ RunTime:0.042002s ]
INFO: [ view_parse ] --END-- [ RunTime:0.042002s ]
INFO: [ view_filter ] --START--
INFO: Run Behavior\WriteHtmlCacheBehavior [ RunTime:0.001000s ]
INFO: [ view_filter ] --END-- [ RunTime:0.001000s ]
INFO: [ app_end ] --START--
INFO: Run Behavior\ShowPageTraceBehavior [ RunTime:0.000000s ]
INFO: [ app_end ] --END-- [ RunTime:0.001001s ]

[ 2018-06-27T16:46:28+08:00 ] 127.0.0.1 /admin.php?m=Admin&c=User&a=index
INFO: [ app_init ] --START--
INFO: Run Behavior\BuildLiteBehavior [ RunTime:0.000000s ]
INFO: [ app_init ] --END-- [ RunTime:0.001000s ]
INFO: [ app_begin ] --START--
INFO: Run Behavior\ReadHtmlCacheBehavior [ RunTime:0.000000s ]
INFO: [ app_begin ] --END-- [ RunTime:0.001000s ]
SQL: SHOW COLUMNS FROM `x_admin` [ RunTime:0.0010s ]
SQL: SELECT * FROM `x_admin` WHERE `id` = 1 LIMIT 1   [ RunTime:0.0000s ]
SQL: SHOW COLUMNS FROM `x_auth_group` [ RunTime:0.0000s ]
SQL: SELECT * FROM `x_auth_group` WHERE `id` = 0 LIMIT 1   [ RunTime:0.0000s ]
NOTIC: [8] Indirect modification of overloaded property Admin\Controller\UserController::$admin has no effect E:\wamp\www\xiaohuanxiong\Application\Admin\Controller\AdminController.class.php 第 18 行.
SQL: SHOW COLUMNS FROM `x_user` [ RunTime:0.0010s ]
NOTIC: [8] Undefined variable: where E:\wamp\www\xiaohuanxiong\Application\Admin\Controller\UserController.class.php 第 15 行.
SQL: SELECT COUNT(*) AS tp_count FROM `x_user` LIMIT 1   [ RunTime:0.0000s ]
NOTIC: [8] Undefined variable: where E:\wamp\www\xiaohuanxiong\Application\Admin\Controller\UserController.class.php 第 20 行.
SQL: SELECT * FROM `x_user` ORDER BY id desc LIMIT 0,20   [ RunTime:0.0010s ]
SQL: SELECT COUNT(*) AS tp_count FROM `x_user` LIMIT 1   [ RunTime:0.0010s ]
SQL: SELECT COUNT(*) AS tp_count FROM `x_user` WHERE ( createtime>=1530028800 and createtime<1530089188 ) LIMIT 1   [ RunTime:0.1100s ]
INFO: [ view_parse ] --START--
INFO: [ template_filter ] --START--
INFO: Run Behavior\ContentReplaceBehavior [ RunTime:0.000000s ]
INFO: [ template_filter ] --END-- [ RunTime:0.000000s ]
SQL: SHOW COLUMNS FROM `x_auth_group_access` [ RunTime:0.0020s ]
SQL: SELECT `uid`,`group_id`,`title`,`rules` FROM x_auth_group_access a INNER JOIN x_auth_group g on a.group_id=g.id  WHERE ( a.uid='1' and g.status='1' )  [ RunTime:0.0000s ]
SQL: SHOW COLUMNS FROM `x_auth_rule` [ RunTime:0.0010s ]
SQL: SELECT `condition`,`name` FROM `x_auth_rule` WHERE `id` IN ('2','3','4','5','6','7','8','9','1','13','10','11','12','14','15','16','17','18','19','42','20','21','22','23','24','25','26','27','28','29','30','31','32','33','34','35','36','37','38','39','40','41') AND `type` = 1 AND `status` = 1  [ RunTime:0.0010s ]
NOTIC: [8] Undefined index: nickname E:\wamp\www\xiaohuanxiong\Application\Runtime\Cache\Admin\78e2d60dbd31edc7ff6a539bcd62cff4.php 第 260 行.
NOTIC: [8] Undefined index: is_special E:\wamp\www\xiaohuanxiong\Application\Runtime\Cache\Admin\78e2d60dbd31edc7ff6a539bcd62cff4.php 第 266 行.
NOTIC: [8] Undefined index: is_special E:\wamp\www\xiaohuanxiong\Application\Runtime\Cache\Admin\78e2d60dbd31edc7ff6a539bcd62cff4.php 第 267 行.
NOTIC: [8] Undefined variable: token E:\wamp\www\xiaohuanxiong\Application\Runtime\Cache\Admin\78e2d60dbd31edc7ff6a539bcd62cff4.php 第 440 行.
NOTIC: [8] Undefined variable: token E:\wamp\www\xiaohuanxiong\Application\Runtime\Cache\Admin\78e2d60dbd31edc7ff6a539bcd62cff4.php 第 443 行.
INFO: Run Behavior\ParseTemplateBehavior [ RunTime:0.041003s ]
INFO: [ view_parse ] --END-- [ RunTime:0.041003s ]
INFO: [ view_filter ] --START--
INFO: Run Behavior\WriteHtmlCacheBehavior [ RunTime:0.000000s ]
INFO: [ view_filter ] --END-- [ RunTime:0.000000s ]
INFO: [ app_end ] --START--
INFO: Run Behavior\ShowPageTraceBehavior [ RunTime:0.000000s ]
INFO: [ app_end ] --END-- [ RunTime:0.001000s ]

[ 2018-06-27T16:47:45+08:00 ] 127.0.0.1 /admin.php
INFO: [ app_init ] --START--
INFO: Run Behavior\BuildLiteBehavior [ RunTime:0.001000s ]
INFO: [ app_init ] --END-- [ RunTime:0.001000s ]
INFO: [ app_begin ] --START--
INFO: Run Behavior\ReadHtmlCacheBehavior [ RunTime:0.000000s ]
INFO: [ app_begin ] --END-- [ RunTime:0.000000s ]
SQL: SHOW COLUMNS FROM `x_admin` [ RunTime:0.0010s ]
SQL: SELECT * FROM `x_admin` WHERE `id` = 1 LIMIT 1   [ RunTime:0.0010s ]
SQL: SHOW COLUMNS FROM `x_auth_group` [ RunTime:0.0010s ]
SQL: SELECT * FROM `x_auth_group` WHERE `id` = 0 LIMIT 1   [ RunTime:0.0000s ]
NOTIC: [8] Indirect modification of overloaded property Admin\Controller\IndexController::$admin has no effect E:\wamp\www\xiaohuanxiong\Application\Admin\Controller\AdminController.class.php 第 18 行.
INFO: [ view_parse ] --START--
INFO: [ template_filter ] --START--
INFO: Run Behavior\ContentReplaceBehavior [ RunTime:0.001000s ]
INFO: [ template_filter ] --END-- [ RunTime:0.001000s ]
SQL: SHOW COLUMNS FROM `x_auth_group_access` [ RunTime:0.0020s ]
SQL: SELECT `uid`,`group_id`,`title`,`rules` FROM x_auth_group_access a INNER JOIN x_auth_group g on a.group_id=g.id  WHERE ( a.uid='1' and g.status='1' )  [ RunTime:0.0000s ]
SQL: SHOW COLUMNS FROM `x_auth_rule` [ RunTime:0.0010s ]
SQL: SELECT `condition`,`name` FROM `x_auth_rule` WHERE `id` IN ('2','3','4','5','6','7','8','9','1','13','10','11','12','14','15','16','17','18','19','42','20','21','22','23','24','25','26','27','28','29','30','31','32','33','34','35','36','37','38','39','40','41') AND `type` = 1 AND `status` = 1  [ RunTime:0.0010s ]
NOTIC: [8] Undefined variable: token E:\wamp\www\xiaohuanxiong\Application\Runtime\Cache\Admin\222175dcb33b4771668f24c7f484ba64.php 第 340 行.
NOTIC: [8] Undefined variable: token E:\wamp\www\xiaohuanxiong\Application\Runtime\Cache\Admin\222175dcb33b4771668f24c7f484ba64.php 第 343 行.
INFO: Run Behavior\ParseTemplateBehavior [ RunTime:0.035002s ]
INFO: [ view_parse ] --END-- [ RunTime:0.035002s ]
INFO: [ view_filter ] --START--
INFO: Run Behavior\WriteHtmlCacheBehavior [ RunTime:0.001000s ]
INFO: [ view_filter ] --END-- [ RunTime:0.001000s ]
INFO: [ app_end ] --START--
INFO: Run Behavior\ShowPageTraceBehavior [ RunTime:0.001000s ]
INFO: [ app_end ] --END-- [ RunTime:0.001000s ]

[ 2018-06-27T17:14:03+08:00 ] 127.0.0.1 /admin.php?m=Admin&c=User&a=index&m=Admin&p=5
INFO: [ app_init ] --START--
INFO: Run Behavior\BuildLiteBehavior [ RunTime:0.001000s ]
INFO: [ app_init ] --END-- [ RunTime:0.001000s ]
INFO: [ app_begin ] --START--
INFO: Run Behavior\ReadHtmlCacheBehavior [ RunTime:0.001000s ]
INFO: [ app_begin ] --END-- [ RunTime:0.002000s ]
SQL: SHOW COLUMNS FROM `x_admin` [ RunTime:0.0020s ]
SQL: SELECT * FROM `x_admin` WHERE `id` = 1 LIMIT 1   [ RunTime:0.0010s ]
SQL: SHOW COLUMNS FROM `x_auth_group` [ RunTime:0.0020s ]
SQL: SELECT * FROM `x_auth_group` WHERE `id` = 0 LIMIT 1   [ RunTime:0.0000s ]
NOTIC: [8] Indirect modification of overloaded property Admin\Controller\UserController::$admin has no effect E:\wamp\www\xiaohuanxiong\Application\Admin\Controller\AdminController.class.php 第 18 行.
SQL: SHOW COLUMNS FROM `x_user` [ RunTime:0.0010s ]
NOTIC: [8] Undefined variable: where E:\wamp\www\xiaohuanxiong\Application\Admin\Controller\UserController.class.php 第 15 行.
SQL: SELECT COUNT(*) AS tp_count FROM `x_user` LIMIT 1   [ RunTime:0.0000s ]
NOTIC: [8] Undefined variable: where E:\wamp\www\xiaohuanxiong\Application\Admin\Controller\UserController.class.php 第 20 行.
SQL: SELECT * FROM `x_user` ORDER BY id desc LIMIT 80,20   [ RunTime:0.0020s ]
SQL: SELECT COUNT(*) AS tp_count FROM `x_user` LIMIT 1   [ RunTime:0.0000s ]
SQL: SELECT COUNT(*) AS tp_count FROM `x_user` WHERE ( createtime>=1530028800 and createtime<1530090842 ) LIMIT 1   [ RunTime:0.1160s ]
INFO: [ view_parse ] --START--
INFO: [ template_filter ] --START--
INFO: Run Behavior\ContentReplaceBehavior [ RunTime:0.000000s ]
INFO: [ template_filter ] --END-- [ RunTime:0.000000s ]
SQL: SHOW COLUMNS FROM `x_auth_group_access` [ RunTime:0.0020s ]
SQL: SELECT `uid`,`group_id`,`title`,`rules` FROM x_auth_group_access a INNER JOIN x_auth_group g on a.group_id=g.id  WHERE ( a.uid='1' and g.status='1' )  [ RunTime:0.0370s ]
SQL: SHOW COLUMNS FROM `x_auth_rule` [ RunTime:0.0010s ]
SQL: SELECT `condition`,`name` FROM `x_auth_rule` WHERE `id` IN ('2','3','4','5','6','7','8','9','1','13','10','11','12','14','15','16','17','18','19','42','20','21','22','23','24','25','26','27','28','29','30','31','32','33','34','35','36','37','38','39','40','41') AND `type` = 1 AND `status` = 1  [ RunTime:0.0000s ]
NOTIC: [8] Undefined index: nickname E:\wamp\www\xiaohuanxiong\Application\Runtime\Cache\Admin\78e2d60dbd31edc7ff6a539bcd62cff4.php 第 260 行.
NOTIC: [8] Undefined index: is_special E:\wamp\www\xiaohuanxiong\Application\Runtime\Cache\Admin\78e2d60dbd31edc7ff6a539bcd62cff4.php 第 266 行.
NOTIC: [8] Undefined index: is_special E:\wamp\www\xiaohuanxiong\Application\Runtime\Cache\Admin\78e2d60dbd31edc7ff6a539bcd62cff4.php 第 267 行.
NOTIC: [8] Undefined variable: token E:\wamp\www\xiaohuanxiong\Application\Runtime\Cache\Admin\78e2d60dbd31edc7ff6a539bcd62cff4.php 第 440 行.
NOTIC: [8] Undefined variable: token E:\wamp\www\xiaohuanxiong\Application\Runtime\Cache\Admin\78e2d60dbd31edc7ff6a539bcd62cff4.php 第 443 行.
INFO: Run Behavior\ParseTemplateBehavior [ RunTime:0.081005s ]
INFO: [ view_parse ] --END-- [ RunTime:0.081005s ]
INFO: [ view_filter ] --START--
INFO: Run Behavior\WriteHtmlCacheBehavior [ RunTime:0.001000s ]
INFO: [ view_filter ] --END-- [ RunTime:0.002000s ]
INFO: [ app_end ] --START--
INFO: Run Behavior\ShowPageTraceBehavior [ RunTime:0.001000s ]
INFO: [ app_end ] --END-- [ RunTime:0.001000s ]

[ 2018-06-27T17:14:06+08:00 ] 127.0.0.1 /admin.php?m=Admin&c=User&a=index&m=Admin&p=8
INFO: [ app_init ] --START--
INFO: Run Behavior\BuildLiteBehavior [ RunTime:0.000000s ]
INFO: [ app_init ] --END-- [ RunTime:0.001000s ]
INFO: [ app_begin ] --START--
INFO: Run Behavior\ReadHtmlCacheBehavior [ RunTime:0.001000s ]
INFO: [ app_begin ] --END-- [ RunTime:0.002000s ]
SQL: SHOW COLUMNS FROM `x_admin` [ RunTime:0.0010s ]
SQL: SELECT * FROM `x_admin` WHERE `id` = 1 LIMIT 1   [ RunTime:0.0000s ]
SQL: SHOW COLUMNS FROM `x_auth_group` [ RunTime:0.0010s ]
SQL: SELECT * FROM `x_auth_group` WHERE `id` = 0 LIMIT 1   [ RunTime:0.0000s ]
NOTIC: [8] Indirect modification of overloaded property Admin\Controller\UserController::$admin has no effect E:\wamp\www\xiaohuanxiong\Application\Admin\Controller\AdminController.class.php 第 18 行.
SQL: SHOW COLUMNS FROM `x_user` [ RunTime:0.0010s ]
NOTIC: [8] Undefined variable: where E:\wamp\www\xiaohuanxiong\Application\Admin\Controller\UserController.class.php 第 15 行.
SQL: SELECT COUNT(*) AS tp_count FROM `x_user` LIMIT 1   [ RunTime:0.0000s ]
NOTIC: [8] Undefined variable: where E:\wamp\www\xiaohuanxiong\Application\Admin\Controller\UserController.class.php 第 20 行.
SQL: SELECT * FROM `x_user` ORDER BY id desc LIMIT 140,20   [ RunTime:0.0010s ]
SQL: SELECT COUNT(*) AS tp_count FROM `x_user` LIMIT 1   [ RunTime:0.0000s ]
SQL: SELECT COUNT(*) AS tp_count FROM `x_user` WHERE ( createtime>=1530028800 and createtime<1530090846 ) LIMIT 1   [ RunTime:0.1020s ]
INFO: [ view_parse ] --START--
INFO: [ template_filter ] --START--
INFO: Run Behavior\ContentReplaceBehavior [ RunTime:0.000000s ]
INFO: [ template_filter ] --END-- [ RunTime:0.000000s ]
SQL: SHOW COLUMNS FROM `x_auth_group_access` [ RunTime:0.0020s ]
SQL: SELECT `uid`,`group_id`,`title`,`rules` FROM x_auth_group_access a INNER JOIN x_auth_group g on a.group_id=g.id  WHERE ( a.uid='1' and g.status='1' )  [ RunTime:0.0010s ]
SQL: SHOW COLUMNS FROM `x_auth_rule` [ RunTime:0.0010s ]
SQL: SELECT `condition`,`name` FROM `x_auth_rule` WHERE `id` IN ('2','3','4','5','6','7','8','9','1','13','10','11','12','14','15','16','17','18','19','42','20','21','22','23','24','25','26','27','28','29','30','31','32','33','34','35','36','37','38','39','40','41') AND `type` = 1 AND `status` = 1  [ RunTime:0.0000s ]
NOTIC: [8] Undefined index: nickname E:\wamp\www\xiaohuanxiong\Application\Runtime\Cache\Admin\78e2d60dbd31edc7ff6a539bcd62cff4.php 第 260 行.
NOTIC: [8] Undefined index: is_special E:\wamp\www\xiaohuanxiong\Application\Runtime\Cache\Admin\78e2d60dbd31edc7ff6a539bcd62cff4.php 第 266 行.
NOTIC: [8] Undefined index: is_special E:\wamp\www\xiaohuanxiong\Application\Runtime\Cache\Admin\78e2d60dbd31edc7ff6a539bcd62cff4.php 第 267 行.
NOTIC: [8] Undefined variable: token E:\wamp\www\xiaohuanxiong\Application\Runtime\Cache\Admin\78e2d60dbd31edc7ff6a539bcd62cff4.php 第 440 行.
NOTIC: [8] Undefined variable: token E:\wamp\www\xiaohuanxiong\Application\Runtime\Cache\Admin\78e2d60dbd31edc7ff6a539bcd62cff4.php 第 443 行.
INFO: Run Behavior\ParseTemplateBehavior [ RunTime:0.043003s ]
INFO: [ view_parse ] --END-- [ RunTime:0.044003s ]
INFO: [ view_filter ] --START--
INFO: Run Behavior\WriteHtmlCacheBehavior [ RunTime:0.000000s ]
INFO: [ view_filter ] --END-- [ RunTime:0.000000s ]
INFO: [ app_end ] --START--
INFO: Run Behavior\ShowPageTraceBehavior [ RunTime:0.001000s ]
INFO: [ app_end ] --END-- [ RunTime:0.001000s ]

[ 2018-06-27T17:14:09+08:00 ] 127.0.0.1 /admin.php?m=Admin&c=User&a=index&m=Admin&p=11
INFO: [ app_init ] --START--
INFO: Run Behavior\BuildLiteBehavior [ RunTime:0.000000s ]
INFO: [ app_init ] --END-- [ RunTime:0.001000s ]
INFO: [ app_begin ] --START--
INFO: Run Behavior\ReadHtmlCacheBehavior [ RunTime:0.001000s ]
INFO: [ app_begin ] --END-- [ RunTime:0.001000s ]
SQL: SHOW COLUMNS FROM `x_admin` [ RunTime:0.0010s ]
SQL: SELECT * FROM `x_admin` WHERE `id` = 1 LIMIT 1   [ RunTime:0.0000s ]
SQL: SHOW COLUMNS FROM `x_auth_group` [ RunTime:0.0010s ]
SQL: SELECT * FROM `x_auth_group` WHERE `id` = 0 LIMIT 1   [ RunTime:0.0000s ]
NOTIC: [8] Indirect modification of overloaded property Admin\Controller\UserController::$admin has no effect E:\wamp\www\xiaohuanxiong\Application\Admin\Controller\AdminController.class.php 第 18 行.
SQL: SHOW COLUMNS FROM `x_user` [ RunTime:0.0010s ]
NOTIC: [8] Undefined variable: where E:\wamp\www\xiaohuanxiong\Application\Admin\Controller\UserController.class.php 第 15 行.
SQL: SELECT COUNT(*) AS tp_count FROM `x_user` LIMIT 1   [ RunTime:0.0000s ]
NOTIC: [8] Undefined variable: where E:\wamp\www\xiaohuanxiong\Application\Admin\Controller\UserController.class.php 第 20 行.
SQL: SELECT * FROM `x_user` ORDER BY id desc LIMIT 200,20   [ RunTime:0.0010s ]
SQL: SELECT COUNT(*) AS tp_count FROM `x_user` LIMIT 1   [ RunTime:0.0000s ]
SQL: SELECT COUNT(*) AS tp_count FROM `x_user` WHERE ( createtime>=1530028800 and createtime<1530090849 ) LIMIT 1   [ RunTime:0.1030s ]
INFO: [ view_parse ] --START--
INFO: [ template_filter ] --START--
INFO: Run Behavior\ContentReplaceBehavior [ RunTime:0.000000s ]
INFO: [ template_filter ] --END-- [ RunTime:0.000000s ]
SQL: SHOW COLUMNS FROM `x_auth_group_access` [ RunTime:0.0020s ]
SQL: SELECT `uid`,`group_id`,`title`,`rules` FROM x_auth_group_access a INNER JOIN x_auth_group g on a.group_id=g.id  WHERE ( a.uid='1' and g.status='1' )  [ RunTime:0.0010s ]
SQL: SHOW COLUMNS FROM `x_auth_rule` [ RunTime:0.0010s ]
SQL: SELECT `condition`,`name` FROM `x_auth_rule` WHERE `id` IN ('2','3','4','5','6','7','8','9','1','13','10','11','12','14','15','16','17','18','19','42','20','21','22','23','24','25','26','27','28','29','30','31','32','33','34','35','36','37','38','39','40','41') AND `type` = 1 AND `status` = 1  [ RunTime:0.0010s ]
NOTIC: [8] Undefined index: nickname E:\wamp\www\xiaohuanxiong\Application\Runtime\Cache\Admin\78e2d60dbd31edc7ff6a539bcd62cff4.php 第 260 行.
NOTIC: [8] Undefined index: is_special E:\wamp\www\xiaohuanxiong\Application\Runtime\Cache\Admin\78e2d60dbd31edc7ff6a539bcd62cff4.php 第 266 行.
NOTIC: [8] Undefined index: is_special E:\wamp\www\xiaohuanxiong\Application\Runtime\Cache\Admin\78e2d60dbd31edc7ff6a539bcd62cff4.php 第 267 行.
NOTIC: [8] Undefined variable: token E:\wamp\www\xiaohuanxiong\Application\Runtime\Cache\Admin\78e2d60dbd31edc7ff6a539bcd62cff4.php 第 440 行.
NOTIC: [8] Undefined variable: token E:\wamp\www\xiaohuanxiong\Application\Runtime\Cache\Admin\78e2d60dbd31edc7ff6a539bcd62cff4.php 第 443 行.
INFO: Run Behavior\ParseTemplateBehavior [ RunTime:0.044003s ]
INFO: [ view_parse ] --END-- [ RunTime:0.045003s ]
INFO: [ view_filter ] --START--
INFO: Run Behavior\WriteHtmlCacheBehavior [ RunTime:0.000000s ]
INFO: [ view_filter ] --END-- [ RunTime:0.000000s ]
INFO: [ app_end ] --START--
INFO: Run Behavior\ShowPageTraceBehavior [ RunTime:0.000000s ]
INFO: [ app_end ] --END-- [ RunTime:0.001000s ]

[ 2018-06-27T17:14:18+08:00 ] 127.0.0.1 /admin.php?m=Admin&c=User&a=index&m=Admin&p=14
INFO: [ app_init ] --START--
INFO: Run Behavior\BuildLiteBehavior [ RunTime:0.000000s ]
INFO: [ app_init ] --END-- [ RunTime:0.001000s ]
INFO: [ app_begin ] --START--
INFO: Run Behavior\ReadHtmlCacheBehavior [ RunTime:0.001000s ]
INFO: [ app_begin ] --END-- [ RunTime:0.001000s ]
SQL: SHOW COLUMNS FROM `x_admin` [ RunTime:0.0010s ]
SQL: SELECT * FROM `x_admin` WHERE `id` = 1 LIMIT 1   [ RunTime:0.0000s ]
SQL: SHOW COLUMNS FROM `x_auth_group` [ RunTime:0.0010s ]
SQL: SELECT * FROM `x_auth_group` WHERE `id` = 0 LIMIT 1   [ RunTime:0.0010s ]
NOTIC: [8] Indirect modification of overloaded property Admin\Controller\UserController::$admin has no effect E:\wamp\www\xiaohuanxiong\Application\Admin\Controller\AdminController.class.php 第 18 行.
SQL: SHOW COLUMNS FROM `x_user` [ RunTime:0.0010s ]
NOTIC: [8] Undefined variable: where E:\wamp\www\xiaohuanxiong\Application\Admin\Controller\UserController.class.php 第 15 行.
SQL: SELECT COUNT(*) AS tp_count FROM `x_user` LIMIT 1   [ RunTime:0.0000s ]
NOTIC: [8] Undefined variable: where E:\wamp\www\xiaohuanxiong\Application\Admin\Controller\UserController.class.php 第 20 行.
SQL: SELECT * FROM `x_user` ORDER BY id desc LIMIT 260,20   [ RunTime:0.0020s ]
SQL: SELECT COUNT(*) AS tp_count FROM `x_user` LIMIT 1   [ RunTime:0.0000s ]
SQL: SELECT COUNT(*) AS tp_count FROM `x_user` WHERE ( createtime>=1530028800 and createtime<1530090858 ) LIMIT 1   [ RunTime:0.1070s ]
INFO: [ view_parse ] --START--
INFO: [ template_filter ] --START--
INFO: Run Behavior\ContentReplaceBehavior [ RunTime:0.000000s ]
INFO: [ template_filter ] --END-- [ RunTime:0.000000s ]
SQL: SHOW COLUMNS FROM `x_auth_group_access` [ RunTime:0.0030s ]
SQL: SELECT `uid`,`group_id`,`title`,`rules` FROM x_auth_group_access a INNER JOIN x_auth_group g on a.group_id=g.id  WHERE ( a.uid='1' and g.status='1' )  [ RunTime:0.0010s ]
SQL: SHOW COLUMNS FROM `x_auth_rule` [ RunTime:0.0010s ]
SQL: SELECT `condition`,`name` FROM `x_auth_rule` WHERE `id` IN ('2','3','4','5','6','7','8','9','1','13','10','11','12','14','15','16','17','18','19','42','20','21','22','23','24','25','26','27','28','29','30','31','32','33','34','35','36','37','38','39','40','41') AND `type` = 1 AND `status` = 1  [ RunTime:0.0000s ]
NOTIC: [8] Undefined index: nickname E:\wamp\www\xiaohuanxiong\Application\Runtime\Cache\Admin\78e2d60dbd31edc7ff6a539bcd62cff4.php 第 260 行.
NOTIC: [8] Undefined index: is_special E:\wamp\www\xiaohuanxiong\Application\Runtime\Cache\Admin\78e2d60dbd31edc7ff6a539bcd62cff4.php 第 266 行.
NOTIC: [8] Undefined index: is_special E:\wamp\www\xiaohuanxiong\Application\Runtime\Cache\Admin\78e2d60dbd31edc7ff6a539bcd62cff4.php 第 267 行.
NOTIC: [8] Undefined variable: token E:\wamp\www\xiaohuanxiong\Application\Runtime\Cache\Admin\78e2d60dbd31edc7ff6a539bcd62cff4.php 第 440 行.
NOTIC: [8] Undefined variable: token E:\wamp\www\xiaohuanxiong\Application\Runtime\Cache\Admin\78e2d60dbd31edc7ff6a539bcd62cff4.php 第 443 行.
INFO: Run Behavior\ParseTemplateBehavior [ RunTime:0.044003s ]
INFO: [ view_parse ] --END-- [ RunTime:0.044003s ]
INFO: [ view_filter ] --START--
INFO: Run Behavior\WriteHtmlCacheBehavior [ RunTime:0.001000s ]
INFO: [ view_filter ] --END-- [ RunTime:0.001000s ]
INFO: [ app_end ] --START--
INFO: Run Behavior\ShowPageTraceBehavior [ RunTime:0.001000s ]
INFO: [ app_end ] --END-- [ RunTime:0.001000s ]

[ 2018-06-27T17:14:27+08:00 ] 127.0.0.1 /admin.php?m=Admin&c=User&a=index&m=Admin&p=18
INFO: [ app_init ] --START--
INFO: Run Behavior\BuildLiteBehavior [ RunTime:0.000000s ]
INFO: [ app_init ] --END-- [ RunTime:0.001000s ]
INFO: [ app_begin ] --START--
INFO: Run Behavior\ReadHtmlCacheBehavior [ RunTime:0.001000s ]
INFO: [ app_begin ] --END-- [ RunTime:0.001000s ]
SQL: SHOW COLUMNS FROM `x_admin` [ RunTime:0.0010s ]
SQL: SELECT * FROM `x_admin` WHERE `id` = 1 LIMIT 1   [ RunTime:0.0000s ]
SQL: SHOW COLUMNS FROM `x_auth_group` [ RunTime:0.0010s ]
SQL: SELECT * FROM `x_auth_group` WHERE `id` = 0 LIMIT 1   [ RunTime:0.0000s ]
NOTIC: [8] Indirect modification of overloaded property Admin\Controller\UserController::$admin has no effect E:\wamp\www\xiaohuanxiong\Application\Admin\Controller\AdminController.class.php 第 18 行.
SQL: SHOW COLUMNS FROM `x_user` [ RunTime:0.0010s ]
NOTIC: [8] Undefined variable: where E:\wamp\www\xiaohuanxiong\Application\Admin\Controller\UserController.class.php 第 15 行.
SQL: SELECT COUNT(*) AS tp_count FROM `x_user` LIMIT 1   [ RunTime:0.0000s ]
NOTIC: [8] Undefined variable: where E:\wamp\www\xiaohuanxiong\Application\Admin\Controller\UserController.class.php 第 20 行.
SQL: SELECT * FROM `x_user` ORDER BY id desc LIMIT 340,20   [ RunTime:0.0030s ]
SQL: SELECT COUNT(*) AS tp_count FROM `x_user` LIMIT 1   [ RunTime:0.0010s ]
SQL: SELECT COUNT(*) AS tp_count FROM `x_user` WHERE ( createtime>=1530028800 and createtime<1530090867 ) LIMIT 1   [ RunTime:0.1150s ]
INFO: [ view_parse ] --START--
INFO: [ template_filter ] --START--
INFO: Run Behavior\ContentReplaceBehavior [ RunTime:0.000000s ]
INFO: [ template_filter ] --END-- [ RunTime:0.000000s ]
SQL: SHOW COLUMNS FROM `x_auth_group_access` [ RunTime:0.0020s ]
SQL: SELECT `uid`,`group_id`,`title`,`rules` FROM x_auth_group_access a INNER JOIN x_auth_group g on a.group_id=g.id  WHERE ( a.uid='1' and g.status='1' )  [ RunTime:0.0010s ]
SQL: SHOW COLUMNS FROM `x_auth_rule` [ RunTime:0.0010s ]
SQL: SELECT `condition`,`name` FROM `x_auth_rule` WHERE `id` IN ('2','3','4','5','6','7','8','9','1','13','10','11','12','14','15','16','17','18','19','42','20','21','22','23','24','25','26','27','28','29','30','31','32','33','34','35','36','37','38','39','40','41') AND `type` = 1 AND `status` = 1  [ RunTime:0.0000s ]
NOTIC: [8] Undefined index: nickname E:\wamp\www\xiaohuanxiong\Application\Runtime\Cache\Admin\78e2d60dbd31edc7ff6a539bcd62cff4.php 第 260 行.
NOTIC: [8] Undefined index: is_special E:\wamp\www\xiaohuanxiong\Application\Runtime\Cache\Admin\78e2d60dbd31edc7ff6a539bcd62cff4.php 第 266 行.
NOTIC: [8] Undefined index: is_special E:\wamp\www\xiaohuanxiong\Application\Runtime\Cache\Admin\78e2d60dbd31edc7ff6a539bcd62cff4.php 第 267 行.
NOTIC: [8] Undefined variable: token E:\wamp\www\xiaohuanxiong\Application\Runtime\Cache\Admin\78e2d60dbd31edc7ff6a539bcd62cff4.php 第 440 行.
NOTIC: [8] Undefined variable: token E:\wamp\www\xiaohuanxiong\Application\Runtime\Cache\Admin\78e2d60dbd31edc7ff6a539bcd62cff4.php 第 443 行.
INFO: Run Behavior\ParseTemplateBehavior [ RunTime:0.044003s ]
INFO: [ view_parse ] --END-- [ RunTime:0.044003s ]
INFO: [ view_filter ] --START--
INFO: Run Behavior\WriteHtmlCacheBehavior [ RunTime:0.001000s ]
INFO: [ view_filter ] --END-- [ RunTime:0.001000s ]
INFO: [ app_end ] --START--
INFO: Run Behavior\ShowPageTraceBehavior [ RunTime:0.000000s ]
INFO: [ app_end ] --END-- [ RunTime:0.000000s ]

